Log file open, 11/29/18 19:41:57
LogWindows: Failed to load 'aqProf.dll' (GetLastError=126)
LogWindows: File 'aqProf.dll' does not exist
LogWindows: Failed to load 'VtuneApi.dll' (GetLastError=126)
LogWindows: File 'VtuneApi.dll' does not exist
LogWindows: Failed to load 'VtuneApi32e.dll' (GetLastError=126)
LogWindows: File 'VtuneApi32e.dll' does not exist
LogConsoleResponse: Display: Failed to find resolution value strings in scalability ini. Falling back to default.
LogInit: Display: Running engine for game: Solarium
LogPakFile: Registered encryption key '00000000000000000000000000000000': 0 pak files mounted, 0 remain pending
LogPlatformFile: Not using cached read wrapper
LogTaskGraph: Started task graph with 5 named threads and 23 total threads with 3 sets of task threads.
LogStats: Stats thread started at 0.275698
LogD3D11RHI: Loaded GFSDK_Aftermath_Lib.x64.dll
LogICUInternationalization: ICU TimeZone Detection - Raw Offset: -3:00, Platform Override: ''
LogPluginManager: Mounting plugin Paper2D
LogPluginManager: Mounting plugin AISupport
LogPluginManager: Mounting plugin LightPropagationVolume
LogPluginManager: Mounting plugin ActorLayerUtilities
LogPluginManager: Mounting plugin CLionSourceCodeAccess
LogPluginManager: Mounting plugin CodeLiteSourceCodeAccess
LogPluginManager: Mounting plugin GitSourceControl
LogPluginManager: Mounting plugin KDevelopSourceCodeAccess
LogPluginManager: Mounting plugin NullSourceCodeAccess
LogPluginManager: Mounting plugin PerforceSourceControl
LogPluginManager: Mounting plugin SubversionSourceControl
LogPluginManager: Mounting plugin UObjectPlugin
LogPluginManager: Mounting plugin VisualStudioCodeSourceCodeAccess
LogPluginManager: Mounting plugin VisualStudioSourceCodeAccess
LogPluginManager: Mounting plugin XCodeSourceCodeAccess
LogPluginManager: Mounting plugin AssetManagerEditor
LogPluginManager: Mounting plugin CryptoKeys
LogPluginManager: Mounting plugin DataValidation
LogPluginManager: Mounting plugin FacialAnimation
LogPluginManager: Mounting plugin GameplayTagsEditor
LogPluginManager: Mounting plugin MacGraphicsSwitching
LogPluginManager: Mounting plugin MeshEditor
LogPluginManager: Mounting plugin MobileLauncherProfileWizard
LogPluginManager: Mounting plugin PluginBrowser
LogPluginManager: Mounting plugin SpeedTreeImporter
LogPluginManager: Mounting plugin DatasmithContent
LogPluginManager: Mounting plugin VariantManagerContent
LogPluginManager: Mounting plugin AlembicImporter
LogPluginManager: Mounting plugin AppleImageUtils
LogPluginManager: Mounting plugin AppleVision
LogPluginManager: Mounting plugin BackChannel
LogPluginManager: Mounting plugin CharacterAI
LogPluginManager: Mounting plugin GeometryCache
LogPluginManager: Mounting plugin HTML5Networking
LogPluginManager: Mounting plugin ProxyLODPlugin
LogPluginManager: Mounting plugin MagicLeap
LogPluginManager: Mounting plugin MagicLeapMedia
LogPluginManager: Mounting plugin AndroidMedia
LogPluginManager: Mounting plugin AvfMedia
LogPluginManager: Mounting plugin ImgMedia
LogPluginManager: Mounting plugin LinearTimecode
LogPluginManager: Mounting plugin MediaCompositing
LogPluginManager: Mounting plugin MediaPlayerEditor
LogPluginManager: Mounting plugin WebMMedia
LogPluginManager: Mounting plugin WmfMedia
LogPluginManager: Mounting plugin TcpMessaging
LogPluginManager: Mounting plugin UdpMessaging
LogPluginManager: Mounting plugin ActorSequence
LogPluginManager: Mounting plugin LevelSequenceEditor
LogPluginManager: Mounting plugin MatineeToLevelSequence
LogPluginManager: Mounting plugin NetcodeUnitTest
LogPluginManager: Mounting plugin NUTUnrealEngine4
LogPluginManager: Mounting plugin OnlineSubsystemGooglePlay
LogPluginManager: Mounting plugin OnlineSubsystemIOS
LogPluginManager: Mounting plugin OnlineSubsystem
LogPluginManager: Mounting plugin OnlineSubsystemNull
LogPluginManager: Mounting plugin OnlineSubsystemUtils
LogPluginManager: Mounting plugin LauncherChunkInstaller
LogPluginManager: Mounting plugin AndroidDeviceProfileSelector
LogPluginManager: Mounting plugin AndroidMoviePlayer
LogPluginManager: Mounting plugin AndroidPermission
LogPluginManager: Mounting plugin AppleMoviePlayer
LogPluginManager: Mounting plugin ArchVisCharacter
LogPluginManager: Mounting plugin AudioCapture
LogPluginManager: Mounting plugin CableComponent
LogPluginManager: Mounting plugin CustomMeshComponent
LogPluginManager: Mounting plugin EditableMesh
LogPluginManager: Mounting plugin ExampleDeviceProfileSelector
LogPluginManager: Mounting plugin Firebase
LogPluginManager: Mounting plugin GoogleCloudMessaging
LogPluginManager: Mounting plugin IOSDeviceProfileSelector
LogPluginManager: Mounting plugin LinuxDeviceProfileSelector
LogPluginManager: Mounting plugin LocationServicesBPLibrary
LogPluginManager: Mounting plugin MobilePatchingUtils
LogPluginManager: Mounting plugin OculusVR
LogPluginManager: Mounting plugin PhysXVehicles
LogPluginManager: Mounting plugin ProceduralMeshComponent
LogPluginManager: Mounting plugin RuntimePhysXCooking
LogPluginManager: Mounting plugin SteamVR
LogPluginManager: Mounting plugin WebMMoviePlayer
LogPluginManager: Mounting plugin WindowsMoviePlayer
LogStreaming: Display: Took  0.062s to configure plugins.
LogInit: Using libcurl 7.55.1-DEV
LogInit:  - built for x86_64-pc-win32
LogInit:  - supports SSL with OpenSSL/1.0.2h
LogInit:  - supports HTTP deflate (compression) using libz 1.2.8
LogInit:  - other features:
LogInit:      CURL_VERSION_SSL
LogInit:      CURL_VERSION_LIBZ
LogInit:      CURL_VERSION_IPV6
LogInit:      CURL_VERSION_ASYNCHDNS
LogInit:      CURL_VERSION_LARGEFILE
LogInit:      CURL_VERSION_IDN
LogInit:  CurlRequestOptions (configurable via config and command line):
LogInit:  - bVerifyPeer = true  - Libcurl will verify peer certificate
LogInit:  - bUseHttpProxy = false  - Libcurl will NOT use HTTP proxy
LogInit:  - bDontReuseConnections = false  - Libcurl will reuse connections
LogInit:  - MaxHostConnections = 16  - Libcurl will limit the number of connections to a host
LogInit:  - LocalHostAddr = Default
LogInit:  - BufferSize = 65536
LogInit: WinSock: version 1.1 (2.2), MaxSocks=32767, MaxUdp=65467
LogInit: Build: ++UE4+Release-4.21-CL-4541578
LogInit: Engine Version: 4.21.0-4541578+++UE4+Release-4.21
LogInit: Compatible Engine Version: 4.21.0-4541578+++UE4+Release-4.21
LogInit: Net CL: 4541578
LogInit: OS: Windows 10 (), CPU: Intel(R) Core(TM) i7-6700K CPU @ 4.00GHz, GPU: NVIDIA GeForce GTX 980
LogInit: Compiled (64-bit): Nov  6 2018 02:04:24
LogInit: Compiled with Visual C++: 19.13.26129.00
LogInit: Build Configuration: Development
LogInit: Branch Name: ++UE4+Release-4.21
LogInit: Command Line: 
LogInit: Base Directory: C:/Program Files/Epic Games/UE_4.21/Engine/Binaries/Win64/
LogInit: Installed Engine Build: 1
LogDevObjectVersion: Number of dev versions registered: 22
LogDevObjectVersion:   Dev-Blueprints (B0D832E4-1F89-4F0D-ACCF-7EB736FD4AA2): 10
LogDevObjectVersion:   Dev-Build (E1C64328-A22C-4D53-A36C-8E866417BD8C): 0
LogDevObjectVersion:   Dev-Core (375EC13C-06E4-48FB-B500-84F0262A717E): 2
LogDevObjectVersion:   Dev-Editor (E4B068ED-F494-42E9-A231-DA0B2E46BB41): 26
LogDevObjectVersion:   Dev-Framework (CFFC743F-43B0-4480-9391-14DF171D2073): 34
LogDevObjectVersion:   Dev-Mobile (B02B49B5-BB20-44E9-A304-32B752E40360): 2
LogDevObjectVersion:   Dev-Networking (A4E4105C-59A1-49B5-A7C5-40C4547EDFEE): 0
LogDevObjectVersion:   Dev-Online (39C831C9-5AE6-47DC-9A44-9C173E1C8E7C): 0
LogDevObjectVersion:   Dev-Physics (78F01B33-EBEA-4F98-B9B4-84EACCB95AA2): 0
LogDevObjectVersion:   Dev-Platform (6631380F-2D4D-43E0-8009-CF276956A95A): 0
LogDevObjectVersion:   Dev-Rendering (12F88B9F-8875-4AFC-A67C-D90C383ABD29): 27
LogDevObjectVersion:   Dev-Sequencer (7B5AE74C-D270-4C10-A958-57980B212A5A): 9
LogDevObjectVersion:   Dev-VR (D7296918-1DD6-4BDD-9DE2-64A83CC13884): 2
LogDevObjectVersion:   Dev-LoadTimes (C2A15278-BFE7-4AFE-6C17-90FF531DF755): 1
LogDevObjectVersion:   Private-Geometry (6EACA3D4-40EC-4CC1-B786-8BED09428FC5): 3
LogDevObjectVersion:   Dev-AnimPhys (29E575DD-E0A3-4627-9D10-D276232CDCEA): 17
LogDevObjectVersion:   Dev-Anim (AF43A65D-7FD3-4947-9873-3E8ED9C1BB05): 2
LogDevObjectVersion:   Dev-ReflectionCapture (6B266CEC-1EC7-4B8F-A30B-E4D90942FC07): 1
LogDevObjectVersion:   Dev-Automation (0DF73D61-A23F-47EA-B727-89E90C41499A): 1
LogDevObjectVersion:   FortniteMain (601D1886-AC64-4F84-AA16-D3DE0DEAC7D6): 17
LogDevObjectVersion:   Dev-Enterprise (9DFFBCD6-494F-0158-E221-12823C92A888): 4
LogDevObjectVersion:   Dev-Niagara (F2AED0AC-9AFE-416F-8664-AA7FFA26D6FC): 1
LogStreaming: Display: Took  0.000s to delete old logs.
LogInit: Presizing for max 8388607 objects, including 0 objects not considered by GC, pre-allocating 0 bytes for permanent pool.
LogInit: Object subsystem initialized
LogConfig: Setting CVar [[con.DebugEarlyDefault:1]]
LogConfig: Setting CVar [[r.setres:1280x720]]
[2018.11.29-21.41.57:546][  0]LogConfig: Setting CVar [[r.VSync:0]]
[2018.11.29-21.41.57:546][  0]LogConfig: Setting CVar [[r.RHICmdBypass:0]]
[2018.11.29-21.41.57:546][  0]LogConfig: Applying CVar settings from Section [/Script/Engine.RendererSettings] File [C:/Users/Cesar MLW/Documents/Unreal Projects/Solarium 4.21/Saved/Config/Windows/Engine.ini]
[2018.11.29-21.41.57:546][  0]LogConfig: Setting CVar [[r.GPUCrashDebugging:0]]
[2018.11.29-21.41.57:546][  0]LogConfig: Applying CVar settings from Section [/Script/Engine.RendererOverrideSettings] File [C:/Users/Cesar MLW/Documents/Unreal Projects/Solarium 4.21/Saved/Config/Windows/Engine.ini]
[2018.11.29-21.41.57:546][  0]LogConfig: Applying CVar settings from Section [/Script/Engine.StreamingSettings] File [C:/Users/Cesar MLW/Documents/Unreal Projects/Solarium 4.21/Saved/Config/Windows/Engine.ini]
[2018.11.29-21.41.57:546][  0]LogConfig: Setting CVar [[s.MinBulkDataSizeForAsyncLoading:131072]]
[2018.11.29-21.41.57:546][  0]LogConfig: Setting CVar [[s.AsyncLoadingThreadEnabled:0]]
[2018.11.29-21.41.57:546][  0]LogConfig: Setting CVar [[s.EventDrivenLoaderEnabled:1]]
[2018.11.29-21.41.57:546][  0]LogConfig: Setting CVar [[s.WarnIfTimeLimitExceeded:0]]
[2018.11.29-21.41.57:546][  0]LogConfig: Setting CVar [[s.TimeLimitExceededMultiplier:1.5]]
[2018.11.29-21.41.57:546][  0]LogConfig: Setting CVar [[s.TimeLimitExceededMinTime:0.005]]
[2018.11.29-21.41.57:546][  0]LogConfig: Setting CVar [[s.UseBackgroundLevelStreaming:1]]
[2018.11.29-21.41.57:546][  0]LogConfig: Setting CVar [[s.PriorityAsyncLoadingExtraTime:15.0]]
[2018.11.29-21.41.57:546][  0]LogConfig: Setting CVar [[s.LevelStreamingActorsUpdateTimeLimit:5.0]]
[2018.11.29-21.41.57:546][  0]LogConfig: Setting CVar [[s.PriorityLevelStreamingActorsUpdateExtraTime:5.0]]
[2018.11.29-21.41.57:546][  0]LogConfig: Setting CVar [[s.LevelStreamingComponentsRegistrationGranularity:10]]
[2018.11.29-21.41.57:546][  0]LogConfig: Setting CVar [[s.UnregisterComponentsTimeLimit:1.0]]
[2018.11.29-21.41.57:546][  0]LogConfig: Setting CVar [[s.LevelStreamingComponentsUnregistrationGranularity:5]]
[2018.11.29-21.41.57:546][  0]LogConfig: Applying CVar settings from Section [/Script/Engine.GarbageCollectionSettings] File [C:/Users/Cesar MLW/Documents/Unreal Projects/Solarium 4.21/Saved/Config/Windows/Engine.ini]
[2018.11.29-21.41.57:546][  0]LogConfig: Setting CVar [[gc.MaxObjectsNotConsideredByGC:1]]
[2018.11.29-21.41.57:546][  0]LogConfig: Setting CVar [[gc.SizeOfPermanentObjectPool:0]]
[2018.11.29-21.41.57:546][  0]LogConfig: Setting CVar [[gc.FlushStreamingOnGC:0]]
[2018.11.29-21.41.57:546][  0]LogConfig: Setting CVar [[gc.NumRetriesBeforeForcingGC:10]]
[2018.11.29-21.41.57:546][  0]LogConfig: Setting CVar [[gc.AllowParallelGC:1]]
[2018.11.29-21.41.57:546][  0]LogConfig: Setting CVar [[gc.TimeBetweenPurgingPendingKillObjects:61.1]]
[2018.11.29-21.41.57:546][  0]LogConfig: Setting CVar [[gc.MaxObjectsInEditor:8388607]]
[2018.11.29-21.41.57:546][  0]LogConfig: Setting CVar [[gc.IncrementalBeginDestroyEnabled:1]]
[2018.11.29-21.41.57:546][  0]LogConfig: Setting CVar [[gc.CreateGCClusters:1]]
[2018.11.29-21.41.57:546][  0]LogConfig: Setting CVar [[gc.MergeGCClusters:0]]
[2018.11.29-21.41.57:546][  0]LogConfig: Setting CVar [[gc.MinGCClusterSize:5]]
[2018.11.29-21.41.57:546][  0]LogConfig: Setting CVar [[gc.ActorClusteringEnabled:0]]
[2018.11.29-21.41.57:546][  0]LogConfig: Setting CVar [[gc.BlueprintClusteringEnabled:0]]
[2018.11.29-21.41.57:546][  0]LogConfig: Setting CVar [[gc.UseDisregardForGCOnDedicatedServers:0]]
[2018.11.29-21.41.57:546][  0]LogConfig: Applying CVar settings from Section [/Script/Engine.NetworkSettings] File [C:/Users/Cesar MLW/Documents/Unreal Projects/Solarium 4.21/Saved/Config/Windows/Engine.ini]
[2018.11.29-21.41.57:546][  0]LogConfig: Applying CVar settings from Section [/Script/UnrealEd.CookerSettings] File [C:/Users/Cesar MLW/Documents/Unreal Projects/Solarium 4.21/Saved/Config/Windows/Engine.ini]
[2018.11.29-21.41.57:554][  0]LogConfig: Applying CVar settings from Section [ViewDistanceQuality@3] File [C:/Users/Cesar MLW/Documents/Unreal Projects/Solarium 4.21/Saved/Config/Windows/Scalability.ini]
[2018.11.29-21.41.57:554][  0]LogConfig: Setting CVar [[r.SkeletalMeshLODBias:0]]
[2018.11.29-21.41.57:554][  0]LogConfig: Setting CVar [[r.ViewDistanceScale:1.0]]
[2018.11.29-21.41.57:554][  0]LogConfig: Applying CVar settings from Section [AntiAliasingQuality@3] File [C:/Users/Cesar MLW/Documents/Unreal Projects/Solarium 4.21/Saved/Config/Windows/Scalability.ini]
[2018.11.29-21.41.57:554][  0]LogConfig: Setting CVar [[r.PostProcessAAQuality:4]]
[2018.11.29-21.41.57:554][  0]LogConfig: Applying CVar settings from Section [ShadowQuality@3] File [C:/Users/Cesar MLW/Documents/Unreal Projects/Solarium 4.21/Saved/Config/Windows/Scalability.ini]
[2018.11.29-21.41.57:554][  0]LogConfig: Setting CVar [[r.LightFunctionQuality:1]]
[2018.11.29-21.41.57:554][  0]LogConfig: Setting CVar [[r.ShadowQuality:5]]
[2018.11.29-21.41.57:554][  0]LogConfig: Setting CVar [[r.Shadow.CSM.MaxCascades:10]]
[2018.11.29-21.41.57:554][  0]LogConfig: Setting CVar [[r.Shadow.MaxResolution:2048]]
[2018.11.29-21.41.57:554][  0]LogConfig: Setting CVar [[r.Shadow.MaxCSMResolution:2048]]
[2018.11.29-21.41.57:554][  0]LogConfig: Setting CVar [[r.Shadow.RadiusThreshold:0.01]]
[2018.11.29-21.41.57:554][  0]LogConfig: Setting CVar [[r.Shadow.DistanceScale:1.0]]
[2018.11.29-21.41.57:554][  0]LogConfig: Setting CVar [[r.Shadow.CSM.TransitionScale:1.0]]
[2018.11.29-21.41.57:554][  0]LogConfig: Setting CVar [[r.Shadow.PreShadowResolutionFactor:1.0]]
[2018.11.29-21.41.57:554][  0]LogConfig: Setting CVar [[r.DistanceFieldShadowing:1]]
[2018.11.29-21.41.57:554][  0]LogConfig: Setting CVar [[r.DistanceFieldAO:1]]
[2018.11.29-21.41.57:554][  0]LogConfig: Setting CVar [[r.AOQuality:2]]
[2018.11.29-21.41.57:554][  0]LogConfig: Setting CVar [[r.VolumetricFog:1]]
[2018.11.29-21.41.57:554][  0]LogConfig: Setting CVar [[r.VolumetricFog.GridPixelSize:8]]
[2018.11.29-21.41.57:554][  0]LogConfig: Setting CVar [[r.VolumetricFog.GridSizeZ:128]]
[2018.11.29-21.41.57:554][  0]LogConfig: Setting CVar [[r.VolumetricFog.HistoryMissSupersampleCount:4]]
[2018.11.29-21.41.57:554][  0]LogConfig: Setting CVar [[r.LightMaxDrawDistanceScale:1]]
[2018.11.29-21.41.57:554][  0]LogConfig: Setting CVar [[r.CapsuleShadows:1]]
[2018.11.29-21.41.57:554][  0]LogConfig: Applying CVar settings from Section [PostProcessQuality@3] File [C:/Users/Cesar MLW/Documents/Unreal Projects/Solarium 4.21/Saved/Config/Windows/Scalability.ini]
[2018.11.29-21.41.57:554][  0]LogConfig: Setting CVar [[r.MotionBlurQuality:4]]
[2018.11.29-21.41.57:554][  0]LogConfig: Setting CVar [[r.AmbientOcclusionMipLevelFactor:0.4]]
[2018.11.29-21.41.57:554][  0]LogConfig: Setting CVar [[r.AmbientOcclusionMaxQuality:100]]
[2018.11.29-21.41.57:554][  0]LogConfig: Setting CVar [[r.AmbientOcclusionLevels:-1]]
[2018.11.29-21.41.57:554][  0]LogConfig: Setting CVar [[r.AmbientOcclusionRadiusScale:1.0]]
[2018.11.29-21.41.57:554][  0]LogConfig: Setting CVar [[r.DepthOfFieldQuality:2]]
[2018.11.29-21.41.57:554][  0]LogConfig: Setting CVar [[r.RenderTargetPoolMin:400]]
[2018.11.29-21.41.57:554][  0]LogConfig: Setting CVar [[r.LensFlareQuality:2]]
[2018.11.29-21.41.57:555][  0]LogConfig: Setting CVar [[r.SceneColorFringeQuality:1]]
[2018.11.29-21.41.57:555][  0]LogConfig: Setting CVar [[r.EyeAdaptationQuality:2]]
[2018.11.29-21.41.57:555][  0]LogConfig: Setting CVar [[r.BloomQuality:5]]
[2018.11.29-21.41.57:555][  0]LogConfig: Setting CVar [[r.FastBlurThreshold:100]]
[2018.11.29-21.41.57:555][  0]LogConfig: Setting CVar [[r.Upscale.Quality:3]]
[2018.11.29-21.41.57:555][  0]LogConfig: Setting CVar [[r.Tonemapper.GrainQuantization:1]]
[2018.11.29-21.41.57:555][  0]LogConfig: Setting CVar [[r.LightShaftQuality:1]]
[2018.11.29-21.41.57:555][  0]LogConfig: Setting CVar [[r.Filter.SizeScale:1]]
[2018.11.29-21.41.57:555][  0]LogConfig: Setting CVar [[r.Tonemapper.Quality:5]]
[2018.11.29-21.41.57:555][  0]LogConfig: Setting CVar [[r.DOF.Gather.AccumulatorQuality:1        ; higher gathering accumulator quality]]
[2018.11.29-21.41.57:555][  0]LogConfig: Setting CVar [[r.DOF.Gather.PostfilterMethod:1          ; Median3x3 postfilering method]]
[2018.11.29-21.41.57:555][  0]LogConfig: Setting CVar [[r.DOF.Gather.EnableBokehSettings:0       ; no bokeh simulation when gathering]]
[2018.11.29-21.41.57:555][  0]LogConfig: Setting CVar [[r.DOF.Gather.RingCount:4                 ; medium number of samples when gathering]]
[2018.11.29-21.41.57:555][  0]LogConfig: Setting CVar [[r.DOF.Scatter.ForegroundCompositing:1    ; additive foreground scattering]]
[2018.11.29-21.41.57:555][  0]LogConfig: Setting CVar [[r.DOF.Scatter.BackgroundCompositing:2    ; additive background scattering]]
[2018.11.29-21.41.57:555][  0]LogConfig: Setting CVar [[r.DOF.Scatter.EnableBokehSettings:1      ; bokeh simulation when scattering]]
[2018.11.29-21.41.57:555][  0]LogConfig: Setting CVar [[r.DOF.Scatter.MaxSpriteRatio:0.1         ; only a maximum of 10% of scattered bokeh]]
[2018.11.29-21.41.57:555][  0]LogConfig: Setting CVar [[r.DOF.Recombine.Quality:1                ; cheap slight out of focus]]
[2018.11.29-21.41.57:555][  0]LogConfig: Setting CVar [[r.DOF.Recombine.EnableBokehSettings:0    ; no bokeh simulation on slight out of focus]]
[2018.11.29-21.41.57:555][  0]LogConfig: Setting CVar [[r.DOF.TemporalAAQuality:1                ; more stable temporal accumulation]]
[2018.11.29-21.41.57:555][  0]LogConfig: Setting CVar [[r.DOF.Kernel.MaxForegroundRadius:0.025]]
[2018.11.29-21.41.57:555][  0]LogConfig: Setting CVar [[r.DOF.Kernel.MaxBackgroundRadius:0.025]]
[2018.11.29-21.41.57:555][  0]LogConfig: Applying CVar settings from Section [TextureQuality@3] File [C:/Users/Cesar MLW/Documents/Unreal Projects/Solarium 4.21/Saved/Config/Windows/Scalability.ini]
[2018.11.29-21.41.57:555][  0]LogConfig: Setting CVar [[r.Streaming.MipBias:0]]
[2018.11.29-21.41.57:555][  0]LogConfig: Setting CVar [[r.Streaming.AmortizeCPUToGPUCopy:0]]
[2018.11.29-21.41.57:555][  0]LogConfig: Setting CVar [[r.Streaming.MaxNumTexturesToStreamPerFrame:0]]
[2018.11.29-21.41.57:555][  0]LogConfig: Setting CVar [[r.Streaming.Boost:1]]
[2018.11.29-21.41.57:555][  0]LogConfig: Setting CVar [[r.MaxAnisotropy:8]]
[2018.11.29-21.41.57:555][  0]LogConfig: Setting CVar [[r.Streaming.LimitPoolSizeToVRAM:0]]
[2018.11.29-21.41.57:555][  0]LogConfig: Setting CVar [[r.Streaming.PoolSize:1000]]
[2018.11.29-21.41.57:555][  0]LogConfig: Setting CVar [[r.Streaming.MaxEffectiveScreenSize:0]]
[2018.11.29-21.41.57:555][  0]LogConfig: Applying CVar settings from Section [EffectsQuality@3] File [C:/Users/Cesar MLW/Documents/Unreal Projects/Solarium 4.21/Saved/Config/Windows/Scalability.ini]
[2018.11.29-21.41.57:555][  0]LogConfig: Setting CVar [[r.TranslucencyLightingVolumeDim:64]]
[2018.11.29-21.41.57:555][  0]LogConfig: Setting CVar [[r.RefractionQuality:2]]
[2018.11.29-21.41.57:555][  0]LogConfig: Setting CVar [[r.SSR.Quality:3]]
[2018.11.29-21.41.57:555][  0]LogConfig: Setting CVar [[r.SceneColorFormat:4]]
[2018.11.29-21.41.57:555][  0]LogConfig: Setting CVar [[r.DetailMode:2]]
[2018.11.29-21.41.57:555][  0]LogConfig: Setting CVar [[r.TranslucencyVolumeBlur:1]]
[2018.11.29-21.41.57:555][  0]LogConfig: Setting CVar [[r.MaterialQualityLevel:1 ; High quality]]
[2018.11.29-21.41.57:555][  0]LogConfig: Setting CVar [[r.SSS.Scale:1]]
[2018.11.29-21.41.57:555][  0]LogConfig: Setting CVar [[r.SSS.SampleSet:2]]
[2018.11.29-21.41.57:555][  0]LogConfig: Setting CVar [[r.SSS.Quality:1]]
[2018.11.29-21.41.57:555][  0]LogConfig: Setting CVar [[r.SSS.HalfRes:1]]
[2018.11.29-21.41.57:555][  0]LogConfig: Setting CVar [[r.EmitterSpawnRateScale:1.0]]
[2018.11.29-21.41.57:555][  0]LogConfig: Setting CVar [[r.ParticleLightQuality:2]]
[2018.11.29-21.41.57:555][  0]LogConfig: Applying CVar settings from Section [FoliageQuality@3] File [C:/Users/Cesar MLW/Documents/Unreal Projects/Solarium 4.21/Saved/Config/Windows/Scalability.ini]
[2018.11.29-21.41.57:555][  0]LogConfig: Setting CVar [[foliage.DensityScale:1.0]]
[2018.11.29-21.41.57:555][  0]LogConfig: Setting CVar [[grass.DensityScale:1.0]]
[2018.11.29-21.41.57:555][  0]LogInit: Selected Device Profile: [Windows]
[2018.11.29-21.41.57:555][  0]LogInit: Applying CVar settings loaded from the selected device profile: [Windows]
[2018.11.29-21.41.57:560][  0]LogHAL: Display: Platform has ~ 16 GB [17115742208 / 17179869184 / 16], which maps to Larger [LargestMinGB=32, LargerMinGB=12, DefaultMinGB=8, SmallerMinGB=6, SmallestMinGB=0)
[2018.11.29-21.41.57:560][  0]LogConfig: Setting CVar [[r.Vulkan.UseRealUBs:1]]
[2018.11.29-21.41.57:560][  0]LogInit: Going up to parent DeviceProfile []
[2018.11.29-21.41.57:560][  0]LogConfig: Applying CVar settings from Section [ViewDistanceQuality@3] File [C:/Users/Cesar MLW/Documents/Unreal Projects/Solarium 4.21/Saved/Config/Windows/Scalability.ini]
[2018.11.29-21.41.57:560][  0]LogConfig: Setting CVar [[r.SkeletalMeshLODBias:0]]
[2018.11.29-21.41.57:560][  0]LogConfig: Setting CVar [[r.ViewDistanceScale:1.0]]
[2018.11.29-21.41.57:560][  0]LogConfig: Applying CVar settings from Section [AntiAliasingQuality@3] File [C:/Users/Cesar MLW/Documents/Unreal Projects/Solarium 4.21/Saved/Config/Windows/Scalability.ini]
[2018.11.29-21.41.57:560][  0]LogConfig: Setting CVar [[r.PostProcessAAQuality:4]]
[2018.11.29-21.41.57:560][  0]LogConfig: Applying CVar settings from Section [ShadowQuality@3] File [C:/Users/Cesar MLW/Documents/Unreal Projects/Solarium 4.21/Saved/Config/Windows/Scalability.ini]
[2018.11.29-21.41.57:560][  0]LogConfig: Setting CVar [[r.LightFunctionQuality:1]]
[2018.11.29-21.41.57:560][  0]LogConfig: Setting CVar [[r.ShadowQuality:5]]
[2018.11.29-21.41.57:560][  0]LogConfig: Setting CVar [[r.Shadow.CSM.MaxCascades:10]]
[2018.11.29-21.41.57:560][  0]LogConfig: Setting CVar [[r.Shadow.MaxResolution:2048]]
[2018.11.29-21.41.57:560][  0]LogConfig: Setting CVar [[r.Shadow.MaxCSMResolution:2048]]
[2018.11.29-21.41.57:560][  0]LogConfig: Setting CVar [[r.Shadow.RadiusThreshold:0.01]]
[2018.11.29-21.41.57:560][  0]LogConfig: Setting CVar [[r.Shadow.DistanceScale:1.0]]
[2018.11.29-21.41.57:560][  0]LogConfig: Setting CVar [[r.Shadow.CSM.TransitionScale:1.0]]
[2018.11.29-21.41.57:560][  0]LogConfig: Setting CVar [[r.Shadow.PreShadowResolutionFactor:1.0]]
[2018.11.29-21.41.57:560][  0]LogConfig: Setting CVar [[r.DistanceFieldShadowing:1]]
[2018.11.29-21.41.57:560][  0]LogConfig: Setting CVar [[r.DistanceFieldAO:1]]
[2018.11.29-21.41.57:560][  0]LogConfig: Setting CVar [[r.AOQuality:2]]
[2018.11.29-21.41.57:560][  0]LogConfig: Setting CVar [[r.VolumetricFog:1]]
[2018.11.29-21.41.57:560][  0]LogConfig: Setting CVar [[r.VolumetricFog.GridPixelSize:8]]
[2018.11.29-21.41.57:560][  0]LogConfig: Setting CVar [[r.VolumetricFog.GridSizeZ:128]]
[2018.11.29-21.41.57:560][  0]LogConfig: Setting CVar [[r.VolumetricFog.HistoryMissSupersampleCount:4]]
[2018.11.29-21.41.57:560][  0]LogConfig: Setting CVar [[r.LightMaxDrawDistanceScale:1]]
[2018.11.29-21.41.57:560][  0]LogConfig: Setting CVar [[r.CapsuleShadows:1]]
[2018.11.29-21.41.57:560][  0]LogConfig: Applying CVar settings from Section [PostProcessQuality@3] File [C:/Users/Cesar MLW/Documents/Unreal Projects/Solarium 4.21/Saved/Config/Windows/Scalability.ini]
[2018.11.29-21.41.57:560][  0]LogConfig: Setting CVar [[r.MotionBlurQuality:4]]
[2018.11.29-21.41.57:560][  0]LogConfig: Setting CVar [[r.AmbientOcclusionMipLevelFactor:0.4]]
[2018.11.29-21.41.57:560][  0]LogConfig: Setting CVar [[r.AmbientOcclusionMaxQuality:100]]
[2018.11.29-21.41.57:560][  0]LogConfig: Setting CVar [[r.AmbientOcclusionLevels:-1]]
[2018.11.29-21.41.57:560][  0]LogConfig: Setting CVar [[r.AmbientOcclusionRadiusScale:1.0]]
[2018.11.29-21.41.57:560][  0]LogConfig: Setting CVar [[r.DepthOfFieldQuality:2]]
[2018.11.29-21.41.57:560][  0]LogConfig: Setting CVar [[r.RenderTargetPoolMin:400]]
[2018.11.29-21.41.57:560][  0]LogConfig: Setting CVar [[r.LensFlareQuality:2]]
[2018.11.29-21.41.57:560][  0]LogConfig: Setting CVar [[r.SceneColorFringeQuality:1]]
[2018.11.29-21.41.57:560][  0]LogConfig: Setting CVar [[r.EyeAdaptationQuality:2]]
[2018.11.29-21.41.57:560][  0]LogConfig: Setting CVar [[r.BloomQuality:5]]
[2018.11.29-21.41.57:560][  0]LogConfig: Setting CVar [[r.FastBlurThreshold:100]]
[2018.11.29-21.41.57:560][  0]LogConfig: Setting CVar [[r.Upscale.Quality:3]]
[2018.11.29-21.41.57:560][  0]LogConfig: Setting CVar [[r.Tonemapper.GrainQuantization:1]]
[2018.11.29-21.41.57:560][  0]LogConfig: Setting CVar [[r.LightShaftQuality:1]]
[2018.11.29-21.41.57:560][  0]LogConfig: Setting CVar [[r.Filter.SizeScale:1]]
[2018.11.29-21.41.57:560][  0]LogConfig: Setting CVar [[r.Tonemapper.Quality:5]]
[2018.11.29-21.41.57:560][  0]LogConfig: Setting CVar [[r.DOF.Gather.AccumulatorQuality:1        ; higher gathering accumulator quality]]
[2018.11.29-21.41.57:560][  0]LogConfig: Setting CVar [[r.DOF.Gather.PostfilterMethod:1          ; Median3x3 postfilering method]]
[2018.11.29-21.41.57:560][  0]LogConfig: Setting CVar [[r.DOF.Gather.EnableBokehSettings:0       ; no bokeh simulation when gathering]]
[2018.11.29-21.41.57:560][  0]LogConfig: Setting CVar [[r.DOF.Gather.RingCount:4                 ; medium number of samples when gathering]]
[2018.11.29-21.41.57:560][  0]LogConfig: Setting CVar [[r.DOF.Scatter.ForegroundCompositing:1    ; additive foreground scattering]]
[2018.11.29-21.41.57:561][  0]LogConfig: Setting CVar [[r.DOF.Scatter.BackgroundCompositing:2    ; additive background scattering]]
[2018.11.29-21.41.57:561][  0]LogConfig: Setting CVar [[r.DOF.Scatter.EnableBokehSettings:1      ; bokeh simulation when scattering]]
[2018.11.29-21.41.57:561][  0]LogConfig: Setting CVar [[r.DOF.Scatter.MaxSpriteRatio:0.1         ; only a maximum of 10% of scattered bokeh]]
[2018.11.29-21.41.57:561][  0]LogConfig: Setting CVar [[r.DOF.Recombine.Quality:1                ; cheap slight out of focus]]
[2018.11.29-21.41.57:561][  0]LogConfig: Setting CVar [[r.DOF.Recombine.EnableBokehSettings:0    ; no bokeh simulation on slight out of focus]]
[2018.11.29-21.41.57:561][  0]LogConfig: Setting CVar [[r.DOF.TemporalAAQuality:1                ; more stable temporal accumulation]]
[2018.11.29-21.41.57:561][  0]LogConfig: Setting CVar [[r.DOF.Kernel.MaxForegroundRadius:0.025]]
[2018.11.29-21.41.57:561][  0]LogConfig: Setting CVar [[r.DOF.Kernel.MaxBackgroundRadius:0.025]]
[2018.11.29-21.41.57:561][  0]LogConfig: Applying CVar settings from Section [TextureQuality@3] File [C:/Users/Cesar MLW/Documents/Unreal Projects/Solarium 4.21/Saved/Config/Windows/Scalability.ini]
[2018.11.29-21.41.57:561][  0]LogConfig: Setting CVar [[r.Streaming.MipBias:0]]
[2018.11.29-21.41.57:561][  0]LogConfig: Setting CVar [[r.Streaming.AmortizeCPUToGPUCopy:0]]
[2018.11.29-21.41.57:561][  0]LogConfig: Setting CVar [[r.Streaming.MaxNumTexturesToStreamPerFrame:0]]
[2018.11.29-21.41.57:561][  0]LogConfig: Setting CVar [[r.Streaming.Boost:1]]
[2018.11.29-21.41.57:561][  0]LogConfig: Setting CVar [[r.MaxAnisotropy:8]]
[2018.11.29-21.41.57:561][  0]LogConfig: Setting CVar [[r.Streaming.LimitPoolSizeToVRAM:0]]
[2018.11.29-21.41.57:561][  0]LogConfig: Setting CVar [[r.Streaming.PoolSize:1000]]
[2018.11.29-21.41.57:561][  0]LogConfig: Setting CVar [[r.Streaming.MaxEffectiveScreenSize:0]]
[2018.11.29-21.41.57:561][  0]LogConfig: Applying CVar settings from Section [EffectsQuality@3] File [C:/Users/Cesar MLW/Documents/Unreal Projects/Solarium 4.21/Saved/Config/Windows/Scalability.ini]
[2018.11.29-21.41.57:561][  0]LogConfig: Setting CVar [[r.TranslucencyLightingVolumeDim:64]]
[2018.11.29-21.41.57:561][  0]LogConfig: Setting CVar [[r.RefractionQuality:2]]
[2018.11.29-21.41.57:561][  0]LogConfig: Setting CVar [[r.SSR.Quality:3]]
[2018.11.29-21.41.57:561][  0]LogConfig: Setting CVar [[r.SceneColorFormat:4]]
[2018.11.29-21.41.57:561][  0]LogConfig: Setting CVar [[r.DetailMode:2]]
[2018.11.29-21.41.57:561][  0]LogConfig: Setting CVar [[r.TranslucencyVolumeBlur:1]]
[2018.11.29-21.41.57:561][  0]LogConfig: Setting CVar [[r.MaterialQualityLevel:1 ; High quality]]
[2018.11.29-21.41.57:561][  0]LogConfig: Setting CVar [[r.SSS.Scale:1]]
[2018.11.29-21.41.57:561][  0]LogConfig: Setting CVar [[r.SSS.SampleSet:2]]
[2018.11.29-21.41.57:561][  0]LogConfig: Setting CVar [[r.SSS.Quality:1]]
[2018.11.29-21.41.57:561][  0]LogConfig: Setting CVar [[r.SSS.HalfRes:1]]
[2018.11.29-21.41.57:561][  0]LogConfig: Setting CVar [[r.EmitterSpawnRateScale:1.0]]
[2018.11.29-21.41.57:561][  0]LogConfig: Setting CVar [[r.ParticleLightQuality:2]]
[2018.11.29-21.41.57:561][  0]LogConfig: Applying CVar settings from Section [FoliageQuality@3] File [C:/Users/Cesar MLW/Documents/Unreal Projects/Solarium 4.21/Saved/Config/Windows/Scalability.ini]
[2018.11.29-21.41.57:561][  0]LogConfig: Setting CVar [[foliage.DensityScale:1.0]]
[2018.11.29-21.41.57:561][  0]LogConfig: Setting CVar [[grass.DensityScale:1.0]]
[2018.11.29-21.41.57:561][  0]LogConfig: Applying CVar settings from Section [Startup] File [../../../Engine/Config/ConsoleVariables.ini]
[2018.11.29-21.41.57:561][  0]LogConfig: Setting CVar [[net.UseAdaptiveNetUpdateFrequency:0]]
[2018.11.29-21.41.57:561][  0]LogConfig: Applying CVar settings from Section [ConsoleVariables] File [C:/Users/Cesar MLW/Documents/Unreal Projects/Solarium 4.21/Saved/Config/Windows/Engine.ini]
[2018.11.29-21.41.57:561][  0]LogInit: Computer: CHEDDAR-PC
[2018.11.29-21.41.57:561][  0]LogInit: User: CesarMLW
[2018.11.29-21.41.57:561][  0]LogInit: CPU Page size=4096, Cores=4
[2018.11.29-21.41.57:561][  0]LogInit: High frequency timer resolution =3.914065 MHz
[2018.11.29-21.41.57:561][  0]LogMemory: Memory total: Physical=15.9GB (16GB approx)
[2018.11.29-21.41.57:561][  0]LogMemory: Platform Memory Stats for Windows
[2018.11.29-21.41.57:561][  0]LogMemory: Process Physical Memory: 103.18 MB used, 103.18 MB peak
[2018.11.29-21.41.57:561][  0]LogMemory: Process Virtual Memory: 90.05 MB used, 90.05 MB peak
[2018.11.29-21.41.57:561][  0]LogMemory: Physical Memory: 8169.19 MB used,  8153.66 MB free, 16322.84 MB total
[2018.11.29-21.41.57:561][  0]LogMemory: Virtual Memory: 4646.45 MB used,  134213080.00 MB free, 134217728.00 MB total
[2018.11.29-21.41.57:579][  0]LogInit: Using OS detected language (en-US).
[2018.11.29-21.41.57:579][  0]LogInit: Using OS detected locale (en-US).
[2018.11.29-21.41.57:579][  0]LogTextLocalizationManager: No specific localization for 'en-US' exists, so the 'en' localization will be used.
[2018.11.29-21.41.57:883][  0]LogStreaming: Display: Took  0.304s to InitEngineTextLocalization.
[2018.11.29-21.41.57:883][  0]LogInit: Setting process to per monitor DPI aware
[2018.11.29-21.41.57:912][  0]LogSlate: New Slate User Created.  User Index 0, Is Virtual User: 0
[2018.11.29-21.41.57:912][  0]LogSlate: Slate User Registered.  User Index 0, Is Virtual User: 0
[2018.11.29-21.41.58:115][  0]LogHMD: Failed to initialize OpenVR with code 126
[2018.11.29-21.41.58:115][  0]LogD3D11RHI: D3D11 adapters:
[2018.11.29-21.41.58:169][  0]LogD3D11RHI:    0. 'NVIDIA GeForce GTX 980' (Feature Level 11_0)
[2018.11.29-21.41.58:169][  0]LogD3D11RHI:       4053/0/8161 MB DedicatedVideo/DedicatedSystem/SharedSystem, Outputs:2, VendorId:0x10de
[2018.11.29-21.41.58:171][  0]LogD3D11RHI:    1. 'Microsoft Basic Render Driver' (Feature Level 11_0)
[2018.11.29-21.41.58:171][  0]LogD3D11RHI:       0/0/8161 MB DedicatedVideo/DedicatedSystem/SharedSystem, Outputs:0, VendorId:0x1414
[2018.11.29-21.41.58:171][  0]LogD3D11RHI: Chosen D3D11 Adapter: 0
[2018.11.29-21.41.58:177][  0]LogD3D11RHI: Creating new Direct3DDevice
[2018.11.29-21.41.58:177][  0]LogD3D11RHI:     GPU DeviceId: 0x13c0 (for the marketing name, search the web for "GPU Device Id")
[2018.11.29-21.41.58:177][  0]LogWindows: EnumDisplayDevices:
[2018.11.29-21.41.58:177][  0]LogWindows:    0. 'NVIDIA GeForce GTX 980' (P:0 D:1)
[2018.11.29-21.41.58:178][  0]LogWindows:    1. 'NVIDIA GeForce GTX 980' (P:1 D:1)
[2018.11.29-21.41.58:178][  0]LogWindows:    2. 'NVIDIA GeForce GTX 980' (P:0 D:0)
[2018.11.29-21.41.58:178][  0]LogWindows:    3. 'NVIDIA GeForce GTX 980' (P:0 D:0)
[2018.11.29-21.41.58:178][  0]LogWindows: DebugString: FoundDriverCount:4 
[2018.11.29-21.41.58:178][  0]LogD3D11RHI:     Adapter Name: NVIDIA GeForce GTX 980
[2018.11.29-21.41.58:178][  0]LogD3D11RHI:   Driver Version: 417.01 (internal:25.21.14.1701, unified:417.01)
[2018.11.29-21.41.58:178][  0]LogD3D11RHI:      Driver Date: 11-15-2018
[2018.11.29-21.41.58:178][  0]LogRHI: Texture pool is 2837 MB (70% of 4053 MB)
[2018.11.29-21.41.58:209][  0]LogD3D11RHI: Async texture creation enabled
[2018.11.29-21.41.58:240][  0]LogD3D11RHI: GPU Timing Frequency: 1000.000000 (Debug: 2 2)
[2018.11.29-21.41.58:562][  0]LogTemp: Display: Loaded TP AllDesktopTargetPlatform
[2018.11.29-21.41.58:574][  0]LogTemp: Display: Loaded TP MacClientTargetPlatform
[2018.11.29-21.41.58:586][  0]LogTemp: Display: Loaded TP MacNoEditorTargetPlatform
[2018.11.29-21.41.58:597][  0]LogTemp: Display: Loaded TP MacServerTargetPlatform
[2018.11.29-21.41.58:609][  0]LogTemp: Display: Loaded TP MacTargetPlatform
[2018.11.29-21.41.58:622][  0]LogTemp: Display: Loaded TP WindowsClientTargetPlatform
[2018.11.29-21.41.58:632][  0]LogTemp: Display: Loaded TP WindowsNoEditorTargetPlatform
[2018.11.29-21.41.58:641][  0]LogTemp: Display: Loaded TP WindowsServerTargetPlatform
[2018.11.29-21.41.58:647][  0]LogTemp: Display: Loaded TP WindowsTargetPlatform
[2018.11.29-21.41.58:712][  0]LogTemp: Display: Loaded TP AndroidTargetPlatform
[2018.11.29-21.41.58:712][  0]LogTemp: Display: Loaded TP AndroidTargetPlatform
[2018.11.29-21.41.58:712][  0]LogTemp: Display: Loaded TP AndroidTargetPlatform
[2018.11.29-21.41.58:712][  0]LogTemp: Display: Loaded TP AndroidTargetPlatform
[2018.11.29-21.41.58:712][  0]LogTemp: Display: Loaded TP AndroidTargetPlatform
[2018.11.29-21.41.58:712][  0]LogTemp: Display: Loaded TP AndroidTargetPlatform
[2018.11.29-21.41.58:712][  0]LogTemp: Display: Loaded TP AndroidTargetPlatform
[2018.11.29-21.41.58:712][  0]LogTemp: Display: Loaded TP AndroidTargetPlatform
[2018.11.29-21.41.58:712][  0]LogTemp: Display: Loaded TP AndroidTargetPlatform
[2018.11.29-21.41.58:712][  0]LogTemp: Display: Loaded TP AndroidTargetPlatform
[2018.11.29-21.41.58:712][  0]LogTemp: Display: Loaded TP AndroidTargetPlatform
[2018.11.29-21.41.58:712][  0]LogTemp: Display: Loaded TP AndroidTargetPlatform
[2018.11.29-21.41.58:712][  0]LogTemp: Display: Loaded TP AndroidTargetPlatform
[2018.11.29-21.41.58:712][  0]LogTemp: Display: Loaded TP AndroidTargetPlatform
[2018.11.29-21.41.58:712][  0]LogTemp: Display: Loaded TP AndroidTargetPlatform
[2018.11.29-21.41.58:712][  0]LogTemp: Display: Loaded TP AndroidTargetPlatform
[2018.11.29-21.41.58:712][  0]LogTemp: Display: Loaded TP AndroidTargetPlatform
[2018.11.29-21.41.58:712][  0]LogTemp: Display: Loaded TP AndroidTargetPlatform
[2018.11.29-21.41.58:713][  0]LogTemp: Display: Loaded TP HTML5TargetPlatform
[2018.11.29-21.41.58:776][  0]LogTemp: Display: Loaded TP IOSTargetPlatform
[2018.11.29-21.41.58:776][  0]LogTemp: Display: Loaded TP IOSTargetPlatform
[2018.11.29-21.41.58:793][  0]LogTemp: Display: Loaded TP TVOSTargetPlatform
[2018.11.29-21.41.58:793][  0]LogTemp: Display: Loaded TP TVOSTargetPlatform
[2018.11.29-21.41.58:803][  0]LogTemp: Display: Loaded TP LinuxClientTargetPlatform
[2018.11.29-21.41.58:812][  0]LogTemp: Display: Loaded TP LinuxNoEditorTargetPlatform
[2018.11.29-21.41.58:821][  0]LogTemp: Display: Loaded TP LinuxServerTargetPlatform
[2018.11.29-21.41.58:831][  0]LogTemp: Display: Loaded TP LinuxTargetPlatform
[2018.11.29-21.41.58:869][  0]LogTemp: Display: Loaded TP LuminTargetPlatform
[2018.11.29-21.41.58:869][  0]LogTemp: Display: Loaded TP LuminTargetPlatform
[2018.11.29-21.41.58:869][  0]LogTargetPlatformManager: Display: Building Assets For Windows
[2018.11.29-21.41.58:921][  0]LogShaderCompilers: Guid format shader working directory is -24 characters bigger than the processId version (../../../../../../Users/Cesar MLW/Documents/Unreal Projects/Solarium 4.21/Intermediate/Shaders/WorkingDirectory/18696/).
[2018.11.29-21.41.58:921][  0]LogShaderCompilers: Cleaned the shader compiler working directory 'C:/Users/Cesar MLW/AppData/Local/Temp/UnrealShaderWorkingDir/A47291A9460CD25596F3B08220B6BEE6/'.
[2018.11.29-21.41.58:923][  0]LogXGEController: Cannot use XGE Controller as Incredibuild is not installed on this machine.
[2018.11.29-21.41.58:923][  0]LogShaderCompilers: Cannot use XGE Shader Compiler as Incredibuild is not installed on this machine.
[2018.11.29-21.41.58:923][  0]LogShaderCompilers: Display: Using Local Shader Compiler.
[2018.11.29-21.41.59:343][  0]LogDerivedDataCache: Display: Max Cache Size: 512 MB
[2018.11.29-21.41.59:391][  0]LogDerivedDataCache: Loaded boot cache 0.05s 85MB C:/Users/Cesar MLW/AppData/Local/UnrealEngine/4.21/DerivedDataCache/Boot.ddc.
[2018.11.29-21.41.59:391][  0]LogDerivedDataCache: Display: Loaded Boot cache: C:/Users/Cesar MLW/AppData/Local/UnrealEngine/4.21/DerivedDataCache/Boot.ddc
[2018.11.29-21.41.59:391][  0]LogDerivedDataCache: FDerivedDataBackendGraph:  Pak pak cache file ../../../../../../Users/Cesar MLW/Documents/Unreal Projects/Solarium 4.21/DerivedDataCache/DDC.ddp not found, will not use a pak cache.
[2018.11.29-21.41.59:391][  0]LogDerivedDataCache: Unable to find inner node Pak for hierarchical cache Hierarchy.
[2018.11.29-21.41.59:391][  0]LogDerivedDataCache: FDerivedDataBackendGraph:  CompressedPak pak cache file ../../../../../../Users/Cesar MLW/Documents/Unreal Projects/Solarium 4.21/DerivedDataCache/Compressed.ddp not found, will not use a pak cache.
[2018.11.29-21.41.59:391][  0]LogDerivedDataCache: Unable to find inner node CompressedPak for hierarchical cache Hierarchy.
[2018.11.29-21.41.59:402][  0]LogDerivedDataCache: Display: Pak cache opened for reading ../../../Engine/DerivedDataCache/Compressed.ddp.
[2018.11.29-21.41.59:402][  0]LogDerivedDataCache: FDerivedDataBackendGraph:  EnterprisePak pak cache file ../../../Enterprise/DerivedDataCache/Compressed.ddp not found, will not use a pak cache.
[2018.11.29-21.41.59:402][  0]LogDerivedDataCache: Unable to find inner node EnterprisePak for hierarchical cache Hierarchy.
[2018.11.29-21.41.59:414][  0]LogDerivedDataCache: Using Local data cache path C:/Users/Cesar MLW/AppData/Local/UnrealEngine/Common/DerivedDataCache: Writable
[2018.11.29-21.41.59:414][  0]LogDerivedDataCache: Shared data cache path not found in *engine.ini, will not use an Shared cache.
[2018.11.29-21.41.59:414][  0]LogDerivedDataCache: Unable to find inner node Shared for hierarchical cache Hierarchy.
[2018.11.29-21.41.59:432][  0]LogMaterial: Verifying Global Shaders for PCD3D_SM5
[2018.11.29-21.41.59:433][  0]LogSlate: Using FreeType 2.6.0
[2018.11.29-21.41.59:434][  0]LogSlate: SlateFontServices - WITH_FREETYPE: 1, WITH_HARFBUZZ: 1
[2018.11.29-21.41.59:511][  0]LogAssetRegistry: FAssetRegistry took 0.0313 seconds to start up
[2018.11.29-21.41.59:770][  0]LogInit: Selected Device Profile: [Windows]
[2018.11.29-21.41.59:889][  0]LogSimplygon: Simplygon DLL not present - disabling.
[2018.11.29-21.41.59:893][  0]LogMeshReduction: Using SimplygonSwarm for distributed automatic mesh merging
[2018.11.29-21.41.59:893][  0]LogMeshReduction: Using ProxyLODMeshReduction for automatic mesh merging
[2018.11.29-21.41.59:893][  0]LogMeshReduction: Using QuadricMeshReduction for automatic static mesh reduction
[2018.11.29-21.41.59:893][  0]LogMeshReduction: No automatic skeletal mesh reduction module available
[2018.11.29-21.41.59:903][  0]LogNetVersion: Solarium 1.0.0, NetCL: 4541578, EngineNetVer: 5, GameNetVer: 0 (Checksum: 1133564867)
[2018.11.29-21.42.00:308][  0]LogPackageLocalizationCache: Processed 11 localized package path(s) for 2 prioritized culture(s) in 0.059269 seconds
[2018.11.29-21.42.00:313][  0]LogUObjectArray: 39775 objects as part of root set at end of initial load.
[2018.11.29-21.42.00:313][  0]LogUObjectAllocator: 6914656 out of 0 bytes used by permanent object pool.
[2018.11.29-21.42.00:313][  0]LogUObjectArray: CloseDisregardForGC: 0/0 objects in disregard for GC pool
[2018.11.29-21.42.01:037][  0]LogTcpMessaging: Initializing TcpMessaging bridge
[2018.11.29-21.42.01:056][  0]LogUdpMessaging: Initializing bridge on interface 0.0.0.0:0 to multicast group 230.0.0.1:6666.
[2018.11.29-21.42.01:637][  0]SourceControl: Source control is disabled
[2018.11.29-21.42.01:637][  0]SourceControl: Source control is disabled
[2018.11.29-21.42.01:639][  0]SourceControl: Source control is disabled
[2018.11.29-21.42.01:640][  0]SourceControl: Source control is disabled
[2018.11.29-21.42.01:794][  0]LogAndroidPermission: UAndroidPermissionCallbackProxy::GetInstance
[2018.11.29-21.42.01:905][  0]LogOcInput: OculusInput pre-init called
[2018.11.29-21.42.02:026][  0]LogEngine: Initializing Engine...
[2018.11.29-21.42.02:054][  0]LogHMD: Failed to initialize OpenVR with code 126
[2018.11.29-21.42.02:055][  0]LogStats: UGameplayTagsManager::ConstructGameplayTagTree: ImportINI prefixes -  0.000 s
[2018.11.29-21.42.02:055][  0]LogStats: UGameplayTagsManager::ConstructGameplayTagTree: Construct from data asset -  0.000 s
[2018.11.29-21.42.02:055][  0]LogStats: UGameplayTagsManager::ConstructGameplayTagTree: ImportINI -  0.000 s
[2018.11.29-21.42.02:055][  0]LogStats: UGameplayTagsManager::ConstructGameplayTagTree: GameplayTagTreeChangedEvent.Broadcast -  0.000 s
[2018.11.29-21.42.02:258][  0]LogInit: Initializing FReadOnlyCVARCache
[2018.11.29-21.42.02:270][  0]LogAIModule: Creating AISystem for world Untitled
[2018.11.29-21.42.02:309][  0]LogInit: XAudio2 using 'Headphones (Astro A50 Game)' : 6 channels at 48 kHz using 16 bits per sample (channel mask 0x60f)
[2018.11.29-21.42.02:325][  0]LogInit: FAudioDevice initialized.
[2018.11.29-21.42.02:325][  0]LogNetVersion: Set ProjectVersion to 1.0.0.0. Version Checksum will be recalculated on next use.
[2018.11.29-21.42.02:407][  0]LogDerivedDataCache: Saved boot cache 0.08s 85MB C:/Users/Cesar MLW/AppData/Local/UnrealEngine/4.21/DerivedDataCache/Boot.ddc.
[2018.11.29-21.42.02:416][  0]LogInit: Texture streaming: Enabled
[2018.11.29-21.42.02:432][  0]LogEngineSessionManager: EngineSessionManager initialized
[2018.11.29-21.42.02:446][  0]LogInit: Transaction tracking system initialized
[2018.11.29-21.42.02:469][  0]BlueprintLog: New page: Editor Load
[2018.11.29-21.42.02:542][  0]LocalizationService: Localization service is disabled
[2018.11.29-21.42.02:959][  0]LogFileCache: Scanning file cache for directory 'C:/Users/Cesar MLW/Documents/Unreal Projects/Solarium 4.21/Content/' took 0.01s
[2018.11.29-21.42.02:959][  0]LogCook: Display: Max memory allowance for cook 16384mb min free memory 0mb
[2018.11.29-21.42.02:959][  0]LogCook: Display: Mobile HDR setting 1
[2018.11.29-21.42.02:959][  0]LogGameplayTags: Display: UGameplayTagsManager::DoneAddingNativeTags. DelegateIsBound: 0
[2018.11.29-21.42.02:959][  0]LogStats: UGameplayTagsManager::ConstructGameplayTagTree: ImportINI prefixes -  0.000 s
[2018.11.29-21.42.02:960][  0]LogStats: UGameplayTagsManager::ConstructGameplayTagTree: Construct from data asset -  0.000 s
[2018.11.29-21.42.02:960][  0]LogStats: UGameplayTagsManager::ConstructGameplayTagTree: ImportINI -  0.000 s
[2018.11.29-21.42.02:960][  0]LogStats: UGameplayTagsManager::ConstructGameplayTagTree: GameplayTagTreeChangedEvent.Broadcast -  0.000 s
[2018.11.29-21.42.03:072][  0]SourceControl: Source control is disabled
[2018.11.29-21.42.03:073][  0]Cmd: MAP LOAD FILE="../../../Engine/Content/Maps/Templates/Template_Default.umap" TEMPLATE=1 SHOWPROGRESS=1 FEATURELEVEL=3
[2018.11.29-21.42.03:073][  0]LightingResults: New page: Lighting Build
[2018.11.29-21.42.03:075][  0]MapCheck: New page: Map Check
[2018.11.29-21.42.03:075][  0]LightingResults: New page: Lighting Build
[2018.11.29-21.42.03:203][  0]LogAIModule: Creating AISystem for world Untitled_1
[2018.11.29-21.42.03:208][  0]LogEditorServer: Finished looking for orphan Actors (0.000 secs)
[2018.11.29-21.42.03:226][  0]Cmd: MAP CHECKDEP NOCLEARLOG
[2018.11.29-21.42.03:227][  0]MapCheck: Map check complete: 0 Error(s), 0 Warning(s), took 0.149ms to complete.
[2018.11.29-21.42.03:227][  0]LogFileHelpers: Loading map 'Template_Default' took 0.155
[2018.11.29-21.42.03:321][  0]LogSlate: Updating window title bar state: overlay mode, drag disabled, window buttons hidden, title bar hidden
[2018.11.29-21.42.03:329][  0]LogSlate: Updating window title bar state: overlay mode, drag disabled, window buttons hidden, title bar hidden
[2018.11.29-21.42.03:334][  0]LogSlate: Updating window title bar state: overlay mode, drag disabled, window buttons hidden, title bar hidden
[2018.11.29-21.42.03:339][  0]LogSlate: Updating window title bar state: overlay mode, drag disabled, window buttons hidden, title bar hidden
[2018.11.29-21.42.03:350][  0]LogCollectionManager: Loaded 0 collections in 0.001355 seconds
[2018.11.29-21.42.03:374][  0]LogFileCache: Scanning file cache for directory 'C:/Users/Cesar MLW/Documents/Unreal Projects/Solarium 4.21/Saved/Collections/' took 0.01s
[2018.11.29-21.42.03:374][  0]LogFileCache: Scanning file cache for directory 'C:/Users/Cesar MLW/Documents/Unreal Projects/Solarium 4.21/Content/Developers/CesarMLW/Collections/' took 0.00s
[2018.11.29-21.42.03:374][  0]LogFileCache: Scanning file cache for directory 'C:/Users/Cesar MLW/Documents/Unreal Projects/Solarium 4.21/Content/Collections/' took 0.00s
[2018.11.29-21.42.03:374][  0]LogCollectionManager: Rebuilt the GUID cache for 0 collections in 0.000000 seconds
[2018.11.29-21.42.03:384][  0]LogContentBrowser: Native class hierarchy populated in 0.0084 seconds. Added 2651 classes and 620 folders.
[2018.11.29-21.42.03:394][  0]LogContentBrowser: Native class hierarchy updated for 'WidgetCarousel' in 0.0002 seconds. Added 0 classes and 0 folders.
[2018.11.29-21.42.03:410][  0]LogPakFile: Registered encryption key '00000000000000000000000000000000': 0 pak files mounted, 0 remain pending
[2018.11.29-21.42.03:414][  0]LogPakFile: Registered encryption key '00000000000000000000000000000000': 0 pak files mounted, 0 remain pending
[2018.11.29-21.42.03:416][  0]LogPakFile: Registered encryption key '00000000000000000000000000000000': 0 pak files mounted, 0 remain pending
[2018.11.29-21.42.03:418][  0]LogPakFile: Registered encryption key '00000000000000000000000000000000': 0 pak files mounted, 0 remain pending
[2018.11.29-21.42.03:421][  0]LogPakFile: Registered encryption key '00000000000000000000000000000000': 0 pak files mounted, 0 remain pending
[2018.11.29-21.42.03:423][  0]LogPakFile: Registered encryption key '00000000000000000000000000000000': 0 pak files mounted, 0 remain pending
[2018.11.29-21.42.03:425][  0]LogPakFile: Registered encryption key '00000000000000000000000000000000': 0 pak files mounted, 0 remain pending
[2018.11.29-21.42.03:427][  0]LogPakFile: Registered encryption key '00000000000000000000000000000000': 0 pak files mounted, 0 remain pending
[2018.11.29-21.42.03:429][  0]LogPakFile: Registered encryption key '00000000000000000000000000000000': 0 pak files mounted, 0 remain pending
[2018.11.29-21.42.03:431][  0]LogPakFile: Registered encryption key '00000000000000000000000000000000': 0 pak files mounted, 0 remain pending
[2018.11.29-21.42.03:433][  0]LogPakFile: Registered encryption key '00000000000000000000000000000000': 0 pak files mounted, 0 remain pending
[2018.11.29-21.42.03:435][  0]LogPakFile: Registered encryption key '00000000000000000000000000000000': 0 pak files mounted, 0 remain pending
[2018.11.29-21.42.03:438][  0]LogPakFile: Registered encryption key '00000000000000000000000000000000': 0 pak files mounted, 0 remain pending
[2018.11.29-21.42.03:440][  0]LogPakFile: Registered encryption key '00000000000000000000000000000000': 0 pak files mounted, 0 remain pending
[2018.11.29-21.42.03:441][  0]LogPakFile: Registered encryption key '00000000000000000000000000000000': 0 pak files mounted, 0 remain pending
[2018.11.29-21.42.03:443][  0]LogPakFile: Registered encryption key '00000000000000000000000000000000': 0 pak files mounted, 0 remain pending
[2018.11.29-21.42.03:445][  0]LogPakFile: Registered encryption key '00000000000000000000000000000000': 0 pak files mounted, 0 remain pending
[2018.11.29-21.42.03:447][  0]LogPakFile: Registered encryption key '00000000000000000000000000000000': 0 pak files mounted, 0 remain pending
[2018.11.29-21.42.03:449][  0]LogPakFile: Registered encryption key '00000000000000000000000000000000': 0 pak files mounted, 0 remain pending
[2018.11.29-21.42.03:451][  0]LogPakFile: Registered encryption key '00000000000000000000000000000000': 0 pak files mounted, 0 remain pending
[2018.11.29-21.42.03:453][  0]LogPakFile: Registered encryption key '00000000000000000000000000000000': 0 pak files mounted, 0 remain pending
[2018.11.29-21.42.03:456][  0]LogPakFile: Registered encryption key '00000000000000000000000000000000': 0 pak files mounted, 0 remain pending
[2018.11.29-21.42.03:458][  0]LogPakFile: Registered encryption key '00000000000000000000000000000000': 0 pak files mounted, 0 remain pending
[2018.11.29-21.42.03:462][  0]LogPakFile: Registered encryption key '00000000000000000000000000000000': 0 pak files mounted, 0 remain pending
[2018.11.29-21.42.03:478][  0]LogPakFile: Registered encryption key '00000000000000000000000000000000': 0 pak files mounted, 0 remain pending
[2018.11.29-21.42.03:480][  0]LogPakFile: Registered encryption key '00000000000000000000000000000000': 0 pak files mounted, 0 remain pending
[2018.11.29-21.42.03:731][  0]LogContentBrowser: Native class hierarchy updated for 'AddContentDialog' in 0.0002 seconds. Added 0 classes and 0 folders.
[2018.11.29-21.42.03:756][  0]LogContentBrowser: Native class hierarchy updated for 'SceneOutliner' in 0.0002 seconds. Added 1 classes and 2 folders.
[2018.11.29-21.42.03:810][  0]LogSlate: Took 0.000201 seconds to synchronously load lazily loaded font '../../../Engine/Content/Slate/Fonts/Roboto-Regular.ttf' (155K)
[2018.11.29-21.42.03:812][  0]LogSlate: Took 0.000157 seconds to synchronously load lazily loaded font '../../../Engine/Content/Slate/Fonts/Roboto-Bold.ttf' (160K)
[2018.11.29-21.42.03:821][  0]LogSlate: Took 0.002462 seconds to synchronously load lazily loaded font '../../../Engine/Content/Editor/Slate/Fonts/FontAwesome.ttf' (139K)
[2018.11.29-21.42.03:922][  0]LogRenderer: Reallocating scene render targets to support 1208x576 Format 10 NumSamples 1 (Frame:1).
[2018.11.29-21.42.04:051][  0]LogContentBrowser: Native class hierarchy updated for 'HierarchicalLODOutliner' in 0.0002 seconds. Added 0 classes and 0 folders.
[2018.11.29-21.42.04:051][  0]LogLoad: (Engine Initialization) Total time: 7.92 seconds
[2018.11.29-21.42.04:051][  0]LogLoad: (Engine Initialization) Total Blueprint compile time: 0.00 seconds
[2018.11.29-21.42.04:060][  0]LogWindowsTextInputMethodSystem: Display: IME system now deactivated.
[2018.11.29-21.42.04:135][  0]LogContentStreaming: Texture pool size now 1000 MB
[2018.11.29-21.42.04:149][  0]LogSlate: Took 0.000138 seconds to synchronously load lazily loaded font '../../../Engine/Content/Slate/Fonts/Roboto-Light.ttf' (167K)
[2018.11.29-21.42.04:161][  1]LogFileCache: Retrieving MD5 hashes for directory 'C:/Users/Cesar MLW/Documents/Unreal Projects/Solarium 4.21/Content/' took 0.09s
[2018.11.29-21.42.04:180][  1]LogAssetRegistry: Asset discovery search completed in 4.6908 seconds
[2018.11.29-21.42.04:181][  1]LogCollectionManager: Rebuilt the object cache for 0 collections in 0.000002 seconds (found 0 objects)
[2018.11.29-21.42.04:181][  1]LogCollectionManager: Fixed up redirectors for 0 collections in 0.000056 seconds (updated 0 objects)
[2018.11.29-21.42.07:418][138]LogSlate: FSceneViewport::OnFocusLost() reason 2
[2018.11.29-21.42.07:705][172]LogSlate: FSceneViewport::OnFocusLost() reason 2
[2018.11.29-21.42.08:272][237]LogSlate: FSceneViewport::OnFocusLost() reason 2
[2018.11.29-21.42.09:041][324]LogSlate: FSceneViewport::OnFocusLost() reason 2
[2018.11.29-21.42.10:485][494]Cmd: MAP LOAD FILE="../../../../../../Users/Cesar MLW/Documents/Unreal Projects/Solarium 4.21/Content/SolaSystem.umap" TEMPLATE=0 SHOWPROGRESS=1 FEATURELEVEL=3
[2018.11.29-21.42.10:487][494]LogSlate: Took 0.000125 seconds to synchronously load lazily loaded font '../../../Engine/Content/Slate/Fonts/Roboto-Light.ttf' (167K)
[2018.11.29-21.42.10:493][494]LightingResults: New page: Lighting Build
[2018.11.29-21.42.10:494][494]LoadErrors: New page: Loading map: SolaSystem.umap
[2018.11.29-21.42.10:495][494]MapCheck: New page: Map Check
[2018.11.29-21.42.10:495][494]LightingResults: New page: Lighting Build
[2018.11.29-21.42.10:586][494]LogLinker: Warning: Can't find file '/Game/None'
[2018.11.29-21.42.10:586][494]LogLinker: Warning: Can't find file for asset '/Game/None' while loading ../../../../../../Users/Cesar MLW/Documents/Unreal Projects/Solarium 4.21/Content/Saturn.uasset.
[2018.11.29-21.42.10:586][494]LoadErrors: Error: /Game/Saturn : Can't find file for asset. /Game/None
[2018.11.29-21.42.10:586][494]LogLinker: Warning: Can't find file '/Game/None'
[2018.11.29-21.42.10:586][494]LogLinker: Warning: Can't find file for asset '/Game/None' while loading ../../../../../../Users/Cesar MLW/Documents/Unreal Projects/Solarium 4.21/Content/Saturn.uasset.
[2018.11.29-21.42.10:660][494]LogTexture: Display: Building textures: HQ_Lightmap1_1 (AutoDXT, 128X128)
[2018.11.29-21.42.10:660][494]LogTexture: Display: Building textures: HQ_Lightmap0_2 (AutoDXT, 64X64)
[2018.11.29-21.42.10:660][494]LogTexture: Display: Building textures: LQ_Lightmap_0_2 (DXT1, 64X64)
[2018.11.29-21.42.10:660][494]LogTexture: Display: Building textures: LQ_Lightmap_1_1 (DXT1, 128X128)
[2018.11.29-21.42.10:660][494]LogTexture: Display: Building textures: ShadowMapTexture2D_0 (G8, 256X32)
[2018.11.29-21.42.10:660][494]LogTexture: Display: Building textures: ShadowMapTexture2D_1 (G8, 64X32)
[2018.11.29-21.42.10:660][494]LogLinker: Warning: Can't find file '/Game/None'
[2018.11.29-21.42.10:660][494]LoadErrors: Failed to load /Game/None.Material_0 Referenced by Saturn
[2018.11.29-21.42.10:660][494]LogLinker: Warning: Can't find file for asset '/Game/None' while loading NULL.
[2018.11.29-21.42.10:661][494]LogLinker: Warning: Can't find file '/Game/None'
[2018.11.29-21.42.10:661][494]LogLinker: Warning: Can't find file for asset '/Game/None' while loading NULL.
[2018.11.29-21.42.13:135][494]LogTexture: Display: Building textures: 8k_saturn (AutoDXT, 4096X2048)
[2018.11.29-21.42.13:135][494]LogTexture: Display: Building textures: 8k_sun (AutoDXT, 4096X2048)
[2018.11.29-21.42.13:135][494]LogTexture: Display: Building textures: 8k_earth_nightmap (AutoDXT, 8192X4096)
[2018.11.29-21.42.13:135][494]LogTexture: Display: Building textures: 8k_venus_atmosphere (AutoDXT, 4096X2048)
[2018.11.29-21.42.13:135][494]LogTexture: Display: Building textures: 8k_venus_surface (AutoDXT, 8192X4096)
[2018.11.29-21.42.13:214][494]LogMaterial: Display: Missing cached shader map for material 8k_saturn_Mat, compiling. 
[2018.11.29-21.42.57:610][494]LogShaderCompilers: Display: Shaders left to compile 31
[2018.11.29-21.42.57:610][494]LogShaderCompilers: Display: Shaders left to compile 21
[2018.11.29-21.42.57:610][494]LogShaderCompilers: Display: Shaders left to compile 11
[2018.11.29-21.42.57:610][494]LogShaderCompilers: Display: Shaders left to compile 1
[2018.11.29-21.42.57:610][494]LogTexture: Display: Building textures: 8k_moon (AutoDXT, 8192X4096)
[2018.11.29-21.42.57:610][494]LogTexture: Display: Building textures: 8k_earth_specular_map (AutoDXT, 8192X4096)
[2018.11.29-21.42.57:610][494]LogTexture: Display: Building textures: 8k_earth_daymap (AutoDXT, 8192X4096)
[2018.11.29-21.42.57:610][494]LogTexture: Display: Building textures: 8k_earth_clouds (AutoDXT, 8192X4096)
[2018.11.29-21.42.57:610][494]LogTexture: Display: Building textures: 8k_earth_normal_map (BC5, 8192X4096)
[2018.11.29-21.42.57:610][494]LogTexture: Display: Building textures: 8k_jupiter (AutoDXT, 4096X2048)
[2018.11.29-21.42.57:610][494]LogTexture: Display: Building textures: 8k_saturn_ring_alpha (AutoDXT, 8192X500)
[2018.11.29-21.42.57:610][494]LogTexture: Display: Building textures: 8k_mars (AutoDXT, 8192X4096)
[2018.11.29-21.42.57:610][494]LogTexture: Display: Building textures: 8k_mercury (AutoDXT, 8192X4096)
[2018.11.29-21.42.57:610][494]LogTexture: Display: Building textures: 8k_stars_milky_way (AutoDXT, 8192X4096)
[2018.11.29-21.42.57:610][494]LogTexture: Display: Building textures: 8k_stars (AutoDXT, 8192X4096)
[2018.11.29-21.42.57:610][494]LogMaterial: Display: Missing cached shader map for material 8k_venus_atmosphere_Mat, compiling. 
[2018.11.29-21.42.57:632][494]LogShaderCompilers: Display: Shaders left to compile 22
[2018.11.29-21.42.57:632][494]LogShaderCompilers: Display: Shaders left to compile 12
[2018.11.29-21.42.57:632][494]LogShaderCompilers: Display: Shaders left to compile 2
[2018.11.29-21.42.57:644][494]LogMaterial: Display: Missing cached shader map for material 8k_sun_Mat, compiling. 
[2018.11.29-21.42.57:666][494]LogMaterial: Display: Missing cached shader map for material 8k_saturn_ring_alpha_Mat, compiling. 
[2018.11.29-21.42.57:923][494]LogShaderCompilers: Display: Shaders left to compile 53
[2018.11.29-21.42.57:924][494]LogMaterial: Display: Missing cached shader map for material 8k_earth_daymap_Mat, compiling. 
[2018.11.29-21.43.03:967][494]LogShaderCompilers: Display: Shaders left to compile 74
[2018.11.29-21.43.03:967][494]LogShaderCompilers: Display: Shaders left to compile 64
[2018.11.29-21.43.03:971][494]LogMaterial: Display: Missing cached shader map for material 8k_moon_Mat, compiling. 
[2018.11.29-21.43.03:984][494]LogMaterial: Display: Missing cached shader map for material 8k_jupiter_Mat, compiling. 
[2018.11.29-21.43.07:263][494]LogShaderCompilers: Display: Shaders left to compile 107
[2018.11.29-21.43.07:263][494]LogShaderCompilers: Display: Shaders left to compile 97
[2018.11.29-21.43.07:263][494]LogShaderCompilers: Display: Shaders left to compile 87
[2018.11.29-21.43.07:263][494]LogShaderCompilers: Display: Shaders left to compile 77
[2018.11.29-21.43.07:263][494]LogMaterial: Display: Missing cached shader map for material 8k_mars_Mat, compiling. 
[2018.11.29-21.43.07:808][494]LogMaterial: Display: Missing cached shader map for material 8k_mercury_Mat, compiling. 
[2018.11.29-21.43.07:841][494]LogStaticMesh: Building static mesh Saturn...
[2018.11.29-21.43.07:866][494]LogStaticMesh: Built static mesh [0.03s] /Game/Saturn.Saturn
[2018.11.29-21.43.07:869][494]LogPhysics: Warning: PHYSX: (D:\Build\++UE4\Sync\Engine\Source\ThirdParty\PhysX3\PhysX_3.4\Source\PhysXCooking\src\convex\QuickHullConvexHullLib.cpp 937) eINTERNAL_ERROR : QuickHullConvexHullLib::findSimplex: Simplex input points appers to be coplanar.
[2018.11.29-21.43.07:869][494]LogPhysics: Warning: PHYSX: (D:\Build\++UE4\Sync\Engine\Source\ThirdParty\PhysX3\PhysX_3.4\Source\PhysXCooking\src\convex\QuickHullConvexHullLib.cpp 937) eINTERNAL_ERROR : QuickHullConvexHullLib::findSimplex: Simplex input points appers to be coplanar.
[2018.11.29-21.43.07:869][494]LogPhysics: Warning: Failed to cook convex: /Game/Saturn.Saturn 0 (FlipX:0). The remaining elements will not get cooked.
[2018.11.29-21.43.07:869][494]LogPhysics: Warning: PHYSX: (D:\Build\++UE4\Sync\Engine\Source\ThirdParty\PhysX3\PhysX_3.4\Source\PhysXCooking\src\convex\QuickHullConvexHullLib.cpp 937) eINTERNAL_ERROR : QuickHullConvexHullLib::findSimplex: Simplex input points appers to be coplanar.
[2018.11.29-21.43.07:869][494]LogPhysics: Warning: PHYSX: (D:\Build\++UE4\Sync\Engine\Source\ThirdParty\PhysX3\PhysX_3.4\Source\PhysXCooking\src\convex\QuickHullConvexHullLib.cpp 937) eINTERNAL_ERROR : QuickHullConvexHullLib::findSimplex: Simplex input points appers to be coplanar.
[2018.11.29-21.43.07:869][494]LogPhysics: Warning: Failed to cook convex: /Game/Saturn.Saturn 0 (FlipX:1). The remaining elements will not get cooked.
[2018.11.29-21.43.07:928][494]LogPhysics: Warning: Attempt to build physics data for /Game/Saturn.Saturn:BodySetup_0 when we are unable to.
[2018.11.29-21.43.08:005][494]LogStaticMesh: Building static mesh Aboboda...
[2018.11.29-21.43.08:205][494]LogShaderCompilers: Display: Shaders left to compile 129
[2018.11.29-21.43.08:206][494]LogShaderCompilers: Display: Shaders left to compile 119
[2018.11.29-21.43.08:206][494]LogStaticMesh: Built static mesh [0.20s] /Game/Aboboda.Aboboda
[2018.11.29-21.43.08:248][494]LogMaterial: Display: Missing cached shader map for material 8k_stars_Mat, compiling. 
[2018.11.29-21.43.08:272][494]LogAIModule: Creating AISystem for world SolaSystem
[2018.11.29-21.43.08:322][494]LogPhysics: Warning: PopulatePhysXGeometryAndTransform(Convex): ConvexElem is missing ConvexMesh
[2018.11.29-21.43.08:323][494]LogPhysics: Warning: ForeachShape(Convex): ScaledElem[0] invalid
[2018.11.29-21.43.08:327][494]LogEditorServer: Finished looking for orphan Actors (0.000 secs)
[2018.11.29-21.43.08:381][494]Cmd: MAP CHECKDEP NOCLEARLOG
[2018.11.29-21.43.08:382][494]MapCheck: Map check complete: 0 Error(s), 0 Warning(s), took 0.159ms to complete.
[2018.11.29-21.43.08:382][494]LogFileHelpers: Loading map 'SolaSystem' took 57.897
[2018.11.29-21.43.08:386][494]LogSlate: Window 'Open Level' being destroyed
[2018.11.29-21.43.09:511][536]LogShaderCompilers: Display: Shaders left to compile 131
[2018.11.29-21.43.09:991][563]LogShaderCompilers: Display: Shaders left to compile 121
[2018.11.29-21.43.10:153][582]LogShaderCompilers: Display: Shaders left to compile 111
[2018.11.29-21.43.11:135][700]LogShaderCompilers: Display: Shaders left to compile 101
[2018.11.29-21.43.11:780][776]LogShaderCompilers: Display: Shaders left to compile 91
[2018.11.29-21.43.12:056][808]LogShaderCompilers: Display: Shaders left to compile 81
[2018.11.29-21.43.12:258][831]LogShaderCompilers: Display: Shaders left to compile 71
[2018.11.29-21.43.13:517][980]LogSlate: Window 'Message Log' being destroyed
[2018.11.29-21.43.13:521][980]LogSlate: Window 'Message Log' being destroyed
[2018.11.29-21.43.13:856][ 20]LogShaderCompilers: Display: Shaders left to compile 61
[2018.11.29-21.43.14:039][ 35]LogShaderCompilers: Display: Shaders left to compile 51
[2018.11.29-21.43.14:228][ 57]LogShaderCompilers: Display: Shaders left to compile 41
[2018.11.29-21.43.14:658][104]LogSlate: FSceneViewport::OnFocusLost() reason 0
[2018.11.29-21.43.15:193][167]LogShaderCompilers: Display: Shaders left to compile 31
[2018.11.29-21.43.16:075][271]LogShaderCompilers: Display: Shaders left to compile 21
[2018.11.29-21.43.16:340][300]LogShaderCompilers: Display: Shaders left to compile 11
[2018.11.29-21.43.17:154][396]LogShaderCompilers: Display: Shaders left to compile 1
[2018.11.29-21.43.22:418][518]LogTexture: Display: Building textures: 8k_ceres_fictional (AutoDXT, 2048X1024)
[2018.11.29-21.43.22:418][518]LogTexture: Display: Building textures: 8k_eris_fictional (AutoDXT, 2048X1024)
[2018.11.29-21.43.22:418][518]LogTexture: Display: Building textures: 8k_haumea_fictional (AutoDXT, 2048X1024)
[2018.11.29-21.43.22:418][518]LogTexture: Display: Building textures: 8k_makemake_fictional (AutoDXT, 2048X1024)
[2018.11.29-21.43.22:418][518]LogTexture: Display: Building textures: 8k_saturn_ring_alpha (AutoDXT, 8192X500)
[2018.11.29-21.43.22:418][518]LogLinker: Warning: Can't find file '/Game/SolarAssets/8k_sun'
[2018.11.29-21.43.22:419][518]LogLinker: Warning: Can't find file for asset '/Game/SolarAssets/8k_sun' while loading ../../../../../../Users/Cesar MLW/Documents/Unreal Projects/Solarium 4.21/Content/SolarAssets/8k_sun_Mat.uasset.
[2018.11.29-21.43.22:419][518]LoadErrors: Error: /Game/SolarAssets/8k_sun_Mat : Can't find file for asset. /Game/SolarAssets/8k_sun
[2018.11.29-21.43.22:419][518]LogLinker: Warning: Can't find file '/Game/SolarAssets/8k_sun'
[2018.11.29-21.43.22:419][518]LogLinker: Warning: Can't find file for asset '/Game/SolarAssets/8k_sun' while loading ../../../../../../Users/Cesar MLW/Documents/Unreal Projects/Solarium 4.21/Content/SolarAssets/8k_sun_Mat.uasset.
[2018.11.29-21.43.22:420][518]LogLinker: Warning: Can't find file '/Game/SolarAssets/8k_sun'
[2018.11.29-21.43.22:420][518]LoadErrors: Failed to load /Game/SolarAssets/8k_sun.8k_sun Referenced by MaterialExpressionTextureSample_0
[2018.11.29-21.43.22:420][518]LogLinker: Warning: Can't find file for asset '/Game/SolarAssets/8k_sun' while loading NULL.
[2018.11.29-21.43.22:422][518]LogMaterial: Display: Missing cached shader map for material 8k_sun_Mat, compiling. 
[2018.11.29-21.43.22:423][518]LogMaterial: Warning: C:\Users\Cesar MLW\Documents\Unreal Projects\Solarium 4.21\Content\SolarAssets\8k_sun_Mat.uasset: Failed to compile Material for platform PCD3D_SM5, Default Material will be used in game.
[2018.11.29-21.43.22:423][518]LogMaterial: 	(Node TextureSample) Texture Sample> Missing input texture
[2018.11.29-21.43.26:159][518]LogSlate: Window 'Delete Assets' being destroyed
[2018.11.29-21.43.26:954][518]LogMaterial: Display: Missing cached shader map for material 8k_earth_daymap_Mat, compiling. 
[2018.11.29-21.43.26:955][518]LogMaterial: Warning: C:\Users\Cesar MLW\Documents\Unreal Projects\Solarium 4.21\Content\8k_earth_daymap_Mat.uasset: Failed to compile Material for platform PCD3D_SM5, Default Material will be used in game.
[2018.11.29-21.43.26:955][518]LogMaterial: 	(Node TextureSample) Texture To make changes in plain> Missing input texture
[2018.11.29-21.43.26:955][518]LogMaterial: 	(Node TextureSample) Texture Sample> Missing input texture
[2018.11.29-21.43.26:955][518]LogMaterial: 	(Node TextureSample) Cloud texture> Missing input texture
[2018.11.29-21.43.26:957][518]LogMaterial: Display: Missing cached shader map for material 8k_earth_daymap_Mat, compiling. 
[2018.11.29-21.43.26:957][518]LogMaterial: Warning: C:\Users\Cesar MLW\Documents\Unreal Projects\Solarium 4.21\Content\8k_earth_daymap_Mat.uasset: Failed to compile Material for platform PCD3D_SM5, Default Material will be used in game.
[2018.11.29-21.43.26:957][518]LogMaterial: 	(Node TextureSample) Texture To make changes in plain> Missing input texture
[2018.11.29-21.43.26:957][518]LogMaterial: 	(Node TextureSample) Texture Sample> Missing input texture
[2018.11.29-21.43.26:957][518]LogMaterial: 	(Node TextureSample) Cloud texture> Missing input texture
[2018.11.29-21.43.26:959][518]LogMaterial: Display: Missing cached shader map for material 8k_earth_daymap_Mat, compiling. 
[2018.11.29-21.43.26:960][518]LogMaterial: Warning: C:\Users\Cesar MLW\Documents\Unreal Projects\Solarium 4.21\Content\8k_earth_daymap_Mat.uasset: Failed to compile Material for platform PCD3D_SM5, Default Material will be used in game.
[2018.11.29-21.43.26:960][518]LogMaterial: 	(Node TextureSample) Texture To make changes in plain> Missing input texture
[2018.11.29-21.43.26:960][518]LogMaterial: 	(Node TextureSample) Texture Sample> Missing input texture
[2018.11.29-21.43.26:960][518]LogMaterial: 	(Node TextureSample) Cloud texture> Missing input texture
[2018.11.29-21.43.26:962][518]LogMaterial: Display: Missing cached shader map for material 8k_earth_daymap_Mat, compiling. 
[2018.11.29-21.43.26:962][518]LogMaterial: Warning: C:\Users\Cesar MLW\Documents\Unreal Projects\Solarium 4.21\Content\8k_earth_daymap_Mat.uasset: Failed to compile Material for platform PCD3D_SM5, Default Material will be used in game.
[2018.11.29-21.43.26:962][518]LogMaterial: 	(Node TextureSample) Texture To make changes in plain> Missing input texture
[2018.11.29-21.43.26:962][518]LogMaterial: 	(Node TextureSample) Texture Sample> Missing input texture
[2018.11.29-21.43.26:962][518]LogMaterial: 	(Node TextureSample) Cloud texture> Missing input texture
[2018.11.29-21.43.26:964][518]LogMaterial: Display: Missing cached shader map for material 8k_earth_daymap_Mat, compiling. 
[2018.11.29-21.43.26:965][518]LogMaterial: Warning: C:\Users\Cesar MLW\Documents\Unreal Projects\Solarium 4.21\Content\8k_earth_daymap_Mat.uasset: Failed to compile Material for platform PCD3D_SM5, Default Material will be used in game.
[2018.11.29-21.43.26:965][518]LogMaterial: 	(Node TextureSample) Texture To make changes in plain> Missing input texture
[2018.11.29-21.43.26:965][518]LogMaterial: 	(Node TextureSample) Texture Sample> Missing input texture
[2018.11.29-21.43.26:965][518]LogMaterial: 	(Node TextureSample) Cloud texture> Missing input texture
[2018.11.29-21.43.26:967][518]LogMaterial: Display: Missing cached shader map for material 8k_earth_daymap_Mat, compiling. 
[2018.11.29-21.43.26:967][518]LogMaterial: Warning: C:\Users\Cesar MLW\Documents\Unreal Projects\Solarium 4.21\Content\8k_earth_daymap_Mat.uasset: Failed to compile Material for platform PCD3D_SM5, Default Material will be used in game.
[2018.11.29-21.43.26:967][518]LogMaterial: 	(Node TextureSample) Texture To make changes in plain> Missing input texture
[2018.11.29-21.43.26:967][518]LogMaterial: 	(Node TextureSample) Texture Sample> Missing input texture
[2018.11.29-21.43.26:967][518]LogMaterial: 	(Node TextureSample) Cloud texture> Missing input texture
[2018.11.29-21.43.26:969][518]LogMaterial: Display: Missing cached shader map for material 8k_earth_daymap_Mat, compiling. 
[2018.11.29-21.43.26:969][518]LogMaterial: Warning: C:\Users\Cesar MLW\Documents\Unreal Projects\Solarium 4.21\Content\8k_earth_daymap_Mat.uasset: Failed to compile Material for platform PCD3D_SM5, Default Material will be used in game.
[2018.11.29-21.43.26:970][518]LogMaterial: 	(Node TextureSample) Texture To make changes in plain> Missing input texture
[2018.11.29-21.43.26:970][518]LogMaterial: 	(Node TextureSample) Texture Sample> Missing input texture
[2018.11.29-21.43.26:970][518]LogMaterial: 	(Node TextureSample) Cloud texture> Missing input texture
[2018.11.29-21.43.26:972][518]LogMaterial: Display: Missing cached shader map for material 8k_earth_daymap_Mat, compiling. 
[2018.11.29-21.43.26:972][518]LogMaterial: Warning: C:\Users\Cesar MLW\Documents\Unreal Projects\Solarium 4.21\Content\8k_earth_daymap_Mat.uasset: Failed to compile Material for platform PCD3D_SM5, Default Material will be used in game.
[2018.11.29-21.43.26:972][518]LogMaterial: 	(Node TextureSample) Texture To make changes in plain> Missing input texture
[2018.11.29-21.43.26:972][518]LogMaterial: 	(Node TextureSample) Texture Sample> Missing input texture
[2018.11.29-21.43.26:972][518]LogMaterial: 	(Node TextureSample) Cloud texture> Missing input texture
[2018.11.29-21.43.26:974][518]LogMaterial: Display: Missing cached shader map for material 8k_stars_Mat, compiling. 
[2018.11.29-21.43.26:975][518]LogMaterial: Warning: C:\Users\Cesar MLW\Documents\Unreal Projects\Solarium 4.21\Content\SolarAssets\8k_stars_Mat.uasset: Failed to compile Material for platform PCD3D_SM5, Default Material will be used in game.
[2018.11.29-21.43.26:975][518]LogMaterial: 	(Node TextureSample) Texture Sample> Missing input texture
[2018.11.29-21.43.26:977][518]LogMaterial: Display: Missing cached shader map for material 8k_stars_Mat, compiling. 
[2018.11.29-21.43.26:977][518]LogMaterial: Warning: C:\Users\Cesar MLW\Documents\Unreal Projects\Solarium 4.21\Content\SolarAssets\8k_stars_Mat.uasset: Failed to compile Material for platform PCD3D_SM5, Default Material will be used in game.
[2018.11.29-21.43.26:977][518]LogMaterial: 	(Node TextureSample) Texture Sample> Missing input texture
[2018.11.29-21.43.52:473][395]LogSlate: Took 0.004265 seconds to synchronously load lazily loaded font '../../../Engine/Content/Slate/Fonts/Roboto-Italic.ttf' (157K)
[2018.11.29-21.44.06:056][  8]Cmd: OBJ SAVEPACKAGE PACKAGE="/Game/SolaSystem" FILE="../../../../../../Users/Cesar MLW/Documents/Unreal Projects/Solarium 4.21/Content/SolaSystem.umap" SILENT=true AUTOSAVING=false KEEPDIRTY=false
[2018.11.29-21.44.06:102][  8]LogSavePackage: Moving '../../../../../../Users/Cesar MLW/Documents/Unreal Projects/Solarium 4.21/Saved/SolaSystem6F659A204FF578B66C462DA1C9CF7D99.tmp' to '../../../../../../Users/Cesar MLW/Documents/Unreal Projects/Solarium 4.21/Content/SolaSystem.umap'
[2018.11.29-21.44.06:111][  8]Cmd: OBJ SAVEPACKAGE PACKAGE="/Game/SolaSystem_BuiltData" FILE="../../../../../../Users/Cesar MLW/Documents/Unreal Projects/Solarium 4.21/Content/SolaSystem_BuiltData.uasset" SILENT=true
[2018.11.29-21.44.06:234][  8]LogSavePackage: Moving '../../../../../../Users/Cesar MLW/Documents/Unreal Projects/Solarium 4.21/Saved/SolaSystem_BuiltData12714A8D4CDEF825F146329374EB857F.tmp' to '../../../../../../Users/Cesar MLW/Documents/Unreal Projects/Solarium 4.21/Content/SolaSystem_BuiltData.uasset'
[2018.11.29-21.45.36:228][ 25]LogTexture: Display: Building textures: T_M_Aboboda_8k_stars_milky_way_Mat_A1F946F849D83683B3C2FC93627AE9EB_BaseColor (BGRA8, 1X1)
[2018.11.29-21.45.36:228][ 25]LogMaterial: Display: Missing cached shader map for material NewBaseFlattenMaterial, compiling. 
[2018.11.29-21.45.36:316][ 25]LogShaderCompilers: Display: Shaders left to compile 213
[2018.11.29-21.45.36:316][ 25]LogShaderCompilers: Display: Shaders left to compile 203
[2018.11.29-21.45.36:316][ 25]LogShaderCompilers: Display: Shaders left to compile 193
[2018.11.29-21.45.36:316][ 25]LogShaderCompilers: Display: Shaders left to compile 183
[2018.11.29-21.45.37:712][ 25]LogShaderCompilers: Display: Shaders left to compile 173
[2018.11.29-21.45.37:764][ 25]LogShaderCompilers: Display: Shaders left to compile 163
[2018.11.29-21.45.37:835][ 25]LogShaderCompilers: Display: Shaders left to compile 153
[2018.11.29-21.45.38:712][ 25]LogShaderCompilers: Display: Shaders left to compile 143
[2018.11.29-21.45.39:209][ 25]LogShaderCompilers: Display: Shaders left to compile 133
[2018.11.29-21.45.39:525][ 25]LogShaderCompilers: Display: Shaders left to compile 123
[2018.11.29-21.45.39:597][ 25]LogSlate: Window 'Delete Assets' being destroyed
[2018.11.29-21.45.39:789][ 25]LogMaterial: Display: Missing cached shader map for material 8k_mars_Mat, compiling. 
[2018.11.29-21.45.39:789][ 25]LogMaterial: Warning: C:\Users\Cesar MLW\Documents\Unreal Projects\Solarium 4.21\Content\8k_mars_Mat.uasset: Failed to compile Material for platform PCD3D_SM5, Default Material will be used in game.
[2018.11.29-21.45.39:789][ 25]LogMaterial: 	(Node TextureSample) Texture Sample> Missing input texture
[2018.11.29-21.45.39:792][ 25]LogMaterial: Display: Missing cached shader map for material 8k_mars_Mat, compiling. 
[2018.11.29-21.45.39:793][ 25]LogMaterial: Warning: C:\Users\Cesar MLW\Documents\Unreal Projects\Solarium 4.21\Content\8k_mars_Mat.uasset: Failed to compile Material for platform PCD3D_SM5, Default Material will be used in game.
[2018.11.29-21.45.39:793][ 25]LogMaterial: 	(Node TextureSample) Texture Sample> Missing input texture
[2018.11.29-21.45.39:797][ 25]LogMaterial: Display: Missing cached shader map for material 8k_jupiter_Mat, compiling. 
[2018.11.29-21.45.39:797][ 25]LogMaterial: Warning: C:\Users\Cesar MLW\Documents\Unreal Projects\Solarium 4.21\Content\8k_jupiter_Mat.uasset: Failed to compile Material for platform PCD3D_SM5, Default Material will be used in game.
[2018.11.29-21.45.39:797][ 25]LogMaterial: 	(Node TextureSample) Texture Sample> Missing input texture
[2018.11.29-21.45.39:801][ 25]LogMaterial: Display: Missing cached shader map for material 8k_jupiter_Mat, compiling. 
[2018.11.29-21.45.39:801][ 25]LogMaterial: Warning: C:\Users\Cesar MLW\Documents\Unreal Projects\Solarium 4.21\Content\8k_jupiter_Mat.uasset: Failed to compile Material for platform PCD3D_SM5, Default Material will be used in game.
[2018.11.29-21.45.39:801][ 25]LogMaterial: 	(Node TextureSample) Texture Sample> Missing input texture
[2018.11.29-21.45.39:804][ 25]LogMaterial: Display: Missing cached shader map for material 8k_earth_daymap_Mat, compiling. 
[2018.11.29-21.45.39:804][ 25]LogMaterial: Warning: C:\Users\Cesar MLW\Documents\Unreal Projects\Solarium 4.21\Content\8k_earth_daymap_Mat.uasset: Failed to compile Material for platform PCD3D_SM5, Default Material will be used in game.
[2018.11.29-21.45.39:804][ 25]LogMaterial: 	(Node TextureSample) Texture To make changes in plain> Missing input texture
[2018.11.29-21.45.39:804][ 25]LogMaterial: 	(Node TextureSample) Texture Sample> Missing input texture
[2018.11.29-21.45.39:804][ 25]LogMaterial: 	(Node TextureSample) Cloud texture> Missing input texture
[2018.11.29-21.45.39:808][ 25]LogMaterial: Display: Missing cached shader map for material 8k_earth_daymap_Mat, compiling. 
[2018.11.29-21.45.39:808][ 25]LogMaterial: Warning: C:\Users\Cesar MLW\Documents\Unreal Projects\Solarium 4.21\Content\8k_earth_daymap_Mat.uasset: Failed to compile Material for platform PCD3D_SM5, Default Material will be used in game.
[2018.11.29-21.45.39:808][ 25]LogMaterial: 	(Node TextureSample) Texture To make changes in plain> Missing input texture
[2018.11.29-21.45.39:808][ 25]LogMaterial: 	(Node TextureSample) Texture Sample> Missing input texture
[2018.11.29-21.45.39:809][ 25]LogMaterial: 	(Node TextureSample) Cloud texture> Missing input texture
[2018.11.29-21.45.39:812][ 25]LogMaterial: Display: Missing cached shader map for material 8k_mercury_Mat, compiling. 
[2018.11.29-21.45.39:813][ 25]LogMaterial: Warning: C:\Users\Cesar MLW\Documents\Unreal Projects\Solarium 4.21\Content\8k_mercury_Mat.uasset: Failed to compile Material for platform PCD3D_SM5, Default Material will be used in game.
[2018.11.29-21.45.39:813][ 25]LogMaterial: 	(Node TextureSample) Texture Sample> Missing input texture
[2018.11.29-21.45.39:817][ 25]LogMaterial: Display: Missing cached shader map for material 8k_mercury_Mat, compiling. 
[2018.11.29-21.45.39:818][ 25]LogMaterial: Warning: C:\Users\Cesar MLW\Documents\Unreal Projects\Solarium 4.21\Content\8k_mercury_Mat.uasset: Failed to compile Material for platform PCD3D_SM5, Default Material will be used in game.
[2018.11.29-21.45.39:818][ 25]LogMaterial: 	(Node TextureSample) Texture Sample> Missing input texture
[2018.11.29-21.45.39:822][ 25]LogMaterial: Display: Missing cached shader map for material 8k_moon_Mat, compiling. 
[2018.11.29-21.45.39:822][ 25]LogMaterial: Warning: C:\Users\Cesar MLW\Documents\Unreal Projects\Solarium 4.21\Content\8k_moon_Mat.uasset: Failed to compile Material for platform PCD3D_SM5, Default Material will be used in game.
[2018.11.29-21.45.39:822][ 25]LogMaterial: 	(Node TextureSample) Texture Sample> Missing input texture
[2018.11.29-21.45.39:824][ 25]LogMaterial: Display: Missing cached shader map for material 8k_moon_Mat, compiling. 
[2018.11.29-21.45.39:825][ 25]LogMaterial: Warning: C:\Users\Cesar MLW\Documents\Unreal Projects\Solarium 4.21\Content\8k_moon_Mat.uasset: Failed to compile Material for platform PCD3D_SM5, Default Material will be used in game.
[2018.11.29-21.45.39:825][ 25]LogMaterial: 	(Node TextureSample) Texture Sample> Missing input texture
[2018.11.29-21.45.39:828][ 25]LogMaterial: Display: Missing cached shader map for material 8k_saturn_Mat, compiling. 
[2018.11.29-21.45.39:828][ 25]LogMaterial: Warning: C:\Users\Cesar MLW\Documents\Unreal Projects\Solarium 4.21\Content\8k_saturn_Mat.uasset: Failed to compile Material for platform PCD3D_SM5, Default Material will be used in game.
[2018.11.29-21.45.39:829][ 25]LogMaterial: 	(Node TextureSample) Texture Sample> Missing input texture
[2018.11.29-21.45.39:832][ 25]LogMaterial: Display: Missing cached shader map for material 8k_saturn_Mat, compiling. 
[2018.11.29-21.45.39:832][ 25]LogMaterial: Warning: C:\Users\Cesar MLW\Documents\Unreal Projects\Solarium 4.21\Content\8k_saturn_Mat.uasset: Failed to compile Material for platform PCD3D_SM5, Default Material will be used in game.
[2018.11.29-21.45.39:832][ 25]LogMaterial: 	(Node TextureSample) Texture Sample> Missing input texture
[2018.11.29-21.45.39:835][ 25]LogMaterial: Display: Missing cached shader map for material 8k_sun_Mat, compiling. 
[2018.11.29-21.45.39:836][ 25]LogMaterial: Warning: C:\Users\Cesar MLW\Documents\Unreal Projects\Solarium 4.21\Content\8k_sun_Mat.uasset: Failed to compile Material for platform PCD3D_SM5, Default Material will be used in game.
[2018.11.29-21.45.39:836][ 25]LogMaterial: 	(Node TextureSample) Texture Sample> Missing input texture
[2018.11.29-21.45.39:840][ 25]LogMaterial: Display: Missing cached shader map for material 8k_sun_Mat, compiling. 
[2018.11.29-21.45.39:840][ 25]LogMaterial: Warning: C:\Users\Cesar MLW\Documents\Unreal Projects\Solarium 4.21\Content\8k_sun_Mat.uasset: Failed to compile Material for platform PCD3D_SM5, Default Material will be used in game.
[2018.11.29-21.45.39:840][ 25]LogMaterial: 	(Node TextureSample) Texture Sample> Missing input texture
[2018.11.29-21.45.39:844][ 25]LogMaterial: Display: Missing cached shader map for material 8k_venus_atmosphere_Mat, compiling. 
[2018.11.29-21.45.39:844][ 25]LogMaterial: Warning: C:\Users\Cesar MLW\Documents\Unreal Projects\Solarium 4.21\Content\8k_venus_atmosphere_Mat.uasset: Failed to compile Material for platform PCD3D_SM5, Default Material will be used in game.
[2018.11.29-21.45.39:844][ 25]LogMaterial: 	(Node TextureSample) Texture Sample> Missing input texture
[2018.11.29-21.45.39:847][ 25]LogMaterial: Display: Missing cached shader map for material 8k_venus_atmosphere_Mat, compiling. 
[2018.11.29-21.45.39:848][ 25]LogMaterial: Warning: C:\Users\Cesar MLW\Documents\Unreal Projects\Solarium 4.21\Content\8k_venus_atmosphere_Mat.uasset: Failed to compile Material for platform PCD3D_SM5, Default Material will be used in game.
[2018.11.29-21.45.39:848][ 25]LogMaterial: 	(Node TextureSample) Texture Sample> Missing input texture
[2018.11.29-21.45.39:851][ 25]LogMaterial: Display: Missing cached shader map for material 8k_venus_atmosphere_Mat, compiling. 
[2018.11.29-21.45.39:851][ 25]LogMaterial: Warning: C:\Users\Cesar MLW\Documents\Unreal Projects\Solarium 4.21\Content\8k_venus_atmosphere_Mat.uasset: Failed to compile Material for platform PCD3D_SM5, Default Material will be used in game.
[2018.11.29-21.45.39:851][ 25]LogMaterial: 	(Node TextureSample) Texture Sample> Missing input texture
[2018.11.29-21.45.39:854][ 25]LogMaterial: Display: Missing cached shader map for material 8k_venus_atmosphere_Mat, compiling. 
[2018.11.29-21.45.39:854][ 25]LogMaterial: Warning: C:\Users\Cesar MLW\Documents\Unreal Projects\Solarium 4.21\Content\8k_venus_atmosphere_Mat.uasset: Failed to compile Material for platform PCD3D_SM5, Default Material will be used in game.
[2018.11.29-21.45.39:854][ 25]LogMaterial: 	(Node TextureSample) Texture Sample> Missing input texture
[2018.11.29-21.45.39:857][ 25]LogMaterial: Display: Missing cached shader map for material 8k_saturn_ring_alpha_Mat, compiling. 
[2018.11.29-21.45.39:858][ 25]LogMaterial: Warning: C:\Users\Cesar MLW\Documents\Unreal Projects\Solarium 4.21\Content\8k_saturn_ring_alpha_Mat.uasset: Failed to compile Material for platform PCD3D_SM5, Default Material will be used in game.
[2018.11.29-21.45.39:858][ 25]LogMaterial: 	(Node TextureSample) Texture Sample> Missing input texture
[2018.11.29-21.45.39:861][ 25]LogMaterial: Display: Missing cached shader map for material 8k_saturn_ring_alpha_Mat, compiling. 
[2018.11.29-21.45.39:861][ 25]LogMaterial: Warning: C:\Users\Cesar MLW\Documents\Unreal Projects\Solarium 4.21\Content\8k_saturn_ring_alpha_Mat.uasset: Failed to compile Material for platform PCD3D_SM5, Default Material will be used in game.
[2018.11.29-21.45.39:861][ 25]LogMaterial: 	(Node TextureSample) Texture Sample> Missing input texture
[2018.11.29-21.45.40:055][ 25]LogShaderCompilers: Display: Shaders left to compile 113
[2018.11.29-21.45.40:055][ 25]LogShaderCompilers: Display: Shaders left to compile 103
[2018.11.29-21.45.41:441][ 30]LogShaderCompilers: Display: Shaders left to compile 93
[2018.11.29-21.45.41:531][ 38]LogShaderCompilers: Display: Shaders left to compile 83
[2018.11.29-21.45.41:656][ 50]LogShaderCompilers: Display: Shaders left to compile 73
[2018.11.29-21.45.42:125][ 96]LogShaderCompilers: Display: Shaders left to compile 63
[2018.11.29-21.45.43:384][212]LogShaderCompilers: Display: Shaders left to compile 53
[2018.11.29-21.45.43:729][246]LogShaderCompilers: Display: Shaders left to compile 43
[2018.11.29-21.45.44:214][292]LogShaderCompilers: Display: Shaders left to compile 33
[2018.11.29-21.45.44:688][338]LogShaderCompilers: Display: Shaders left to compile 23
[2018.11.29-21.45.45:795][447]LogShaderCompilers: Display: Shaders left to compile 13
[2018.11.29-21.45.45:962][463]LogShaderCompilers: Display: Shaders left to compile 3
[2018.11.29-21.45.58:683][583]Cmd: OBJ SAVEPACKAGE PACKAGE="/Game/SolaSystem" FILE="../../../../../../Users/Cesar MLW/Documents/Unreal Projects/Solarium 4.21/Content/SolaSystem.umap" SILENT=true AUTOSAVING=false KEEPDIRTY=false
[2018.11.29-21.45.58:780][583]LogSavePackage: Moving '../../../../../../Users/Cesar MLW/Documents/Unreal Projects/Solarium 4.21/Saved/SolaSystemEFD254BD4023C08F700175ACB4F91B30.tmp' to '../../../../../../Users/Cesar MLW/Documents/Unreal Projects/Solarium 4.21/Content/SolaSystem.umap'
[2018.11.29-21.45.58:789][583]Cmd: OBJ SAVEPACKAGE PACKAGE="/Game/SolaSystem_BuiltData" FILE="../../../../../../Users/Cesar MLW/Documents/Unreal Projects/Solarium 4.21/Content/SolaSystem_BuiltData.uasset" SILENT=true
[2018.11.29-21.45.58:912][583]LogSavePackage: Moving '../../../../../../Users/Cesar MLW/Documents/Unreal Projects/Solarium 4.21/Saved/SolaSystem_BuiltData8F1C71BF4090B173C48F9F81DF536771.tmp' to '../../../../../../Users/Cesar MLW/Documents/Unreal Projects/Solarium 4.21/Content/SolaSystem_BuiltData.uasset'
[2018.11.29-21.45.59:254][621]Cmd: OBJ SAVEPACKAGE PACKAGE="/Game/SolaSystem" FILE="../../../../../../Users/Cesar MLW/Documents/Unreal Projects/Solarium 4.21/Content/SolaSystem.umap" SILENT=true AUTOSAVING=false KEEPDIRTY=false
[2018.11.29-21.45.59:348][621]LogSavePackage: Moving '../../../../../../Users/Cesar MLW/Documents/Unreal Projects/Solarium 4.21/Saved/SolaSystem74E2134D4B0E68663943A387A56B15AC.tmp' to '../../../../../../Users/Cesar MLW/Documents/Unreal Projects/Solarium 4.21/Content/SolaSystem.umap'
[2018.11.29-21.45.59:356][621]Cmd: OBJ SAVEPACKAGE PACKAGE="/Game/SolaSystem_BuiltData" FILE="../../../../../../Users/Cesar MLW/Documents/Unreal Projects/Solarium 4.21/Content/SolaSystem_BuiltData.uasset" SILENT=true
[2018.11.29-21.45.59:482][621]LogSavePackage: Moving '../../../../../../Users/Cesar MLW/Documents/Unreal Projects/Solarium 4.21/Saved/SolaSystem_BuiltData4D0FDC7F46E94EEA5AE902A53F5D1E79.tmp' to '../../../../../../Users/Cesar MLW/Documents/Unreal Projects/Solarium 4.21/Content/SolaSystem_BuiltData.uasset'
[2018.11.29-21.45.59:616][635]Cmd: OBJ SAVEPACKAGE PACKAGE="/Game/SolaSystem" FILE="../../../../../../Users/Cesar MLW/Documents/Unreal Projects/Solarium 4.21/Content/SolaSystem.umap" SILENT=true AUTOSAVING=false KEEPDIRTY=false
[2018.11.29-21.45.59:711][635]LogSavePackage: Moving '../../../../../../Users/Cesar MLW/Documents/Unreal Projects/Solarium 4.21/Saved/SolaSystemD53DAC694053E150295F7FA1AAA8C091.tmp' to '../../../../../../Users/Cesar MLW/Documents/Unreal Projects/Solarium 4.21/Content/SolaSystem.umap'
[2018.11.29-21.45.59:718][635]Cmd: OBJ SAVEPACKAGE PACKAGE="/Game/SolaSystem_BuiltData" FILE="../../../../../../Users/Cesar MLW/Documents/Unreal Projects/Solarium 4.21/Content/SolaSystem_BuiltData.uasset" SILENT=true
[2018.11.29-21.45.59:833][635]LogSavePackage: Moving '../../../../../../Users/Cesar MLW/Documents/Unreal Projects/Solarium 4.21/Saved/SolaSystem_BuiltData928D642A47E59E1188E0F3BD2744FD84.tmp' to '../../../../../../Users/Cesar MLW/Documents/Unreal Projects/Solarium 4.21/Content/SolaSystem_BuiltData.uasset'
[2018.11.29-21.45.59:986][651]Cmd: OBJ SAVEPACKAGE PACKAGE="/Game/SolaSystem" FILE="../../../../../../Users/Cesar MLW/Documents/Unreal Projects/Solarium 4.21/Content/SolaSystem.umap" SILENT=true AUTOSAVING=false KEEPDIRTY=false
[2018.11.29-21.46.00:080][651]LogSavePackage: Moving '../../../../../../Users/Cesar MLW/Documents/Unreal Projects/Solarium 4.21/Saved/SolaSystem1CFA86594176B670ACD95EA28DA098FB.tmp' to '../../../../../../Users/Cesar MLW/Documents/Unreal Projects/Solarium 4.21/Content/SolaSystem.umap'
[2018.11.29-21.46.00:087][651]Cmd: OBJ SAVEPACKAGE PACKAGE="/Game/SolaSystem_BuiltData" FILE="../../../../../../Users/Cesar MLW/Documents/Unreal Projects/Solarium 4.21/Content/SolaSystem_BuiltData.uasset" SILENT=true
[2018.11.29-21.46.00:203][651]LogSavePackage: Moving '../../../../../../Users/Cesar MLW/Documents/Unreal Projects/Solarium 4.21/Saved/SolaSystem_BuiltDataABC9E5BC4448C1B285B79F8B0AE99E3A.tmp' to '../../../../../../Users/Cesar MLW/Documents/Unreal Projects/Solarium 4.21/Content/SolaSystem_BuiltData.uasset'
[2018.11.29-21.46.00:375][669]Cmd: OBJ SAVEPACKAGE PACKAGE="/Game/SolaSystem" FILE="../../../../../../Users/Cesar MLW/Documents/Unreal Projects/Solarium 4.21/Content/SolaSystem.umap" SILENT=true AUTOSAVING=false KEEPDIRTY=false
[2018.11.29-21.46.00:468][669]LogSavePackage: Moving '../../../../../../Users/Cesar MLW/Documents/Unreal Projects/Solarium 4.21/Saved/SolaSystem3CA07E5E424291ABFC264EA02D4951B4.tmp' to '../../../../../../Users/Cesar MLW/Documents/Unreal Projects/Solarium 4.21/Content/SolaSystem.umap'
[2018.11.29-21.46.00:478][669]Cmd: OBJ SAVEPACKAGE PACKAGE="/Game/SolaSystem_BuiltData" FILE="../../../../../../Users/Cesar MLW/Documents/Unreal Projects/Solarium 4.21/Content/SolaSystem_BuiltData.uasset" SILENT=true
[2018.11.29-21.46.00:595][669]LogSavePackage: Moving '../../../../../../Users/Cesar MLW/Documents/Unreal Projects/Solarium 4.21/Saved/SolaSystem_BuiltDataC6D1E1914ED1CDBEC976F7A0C29E87CD.tmp' to '../../../../../../Users/Cesar MLW/Documents/Unreal Projects/Solarium 4.21/Content/SolaSystem_BuiltData.uasset'
[2018.11.29-21.46.00:696][679]Cmd: OBJ SAVEPACKAGE PACKAGE="/Game/SolaSystem" FILE="../../../../../../Users/Cesar MLW/Documents/Unreal Projects/Solarium 4.21/Content/SolaSystem.umap" SILENT=true AUTOSAVING=false KEEPDIRTY=false
[2018.11.29-21.46.00:789][679]LogSavePackage: Moving '../../../../../../Users/Cesar MLW/Documents/Unreal Projects/Solarium 4.21/Saved/SolaSystem0466D2CF430B0269C9DC81B193E14CCB.tmp' to '../../../../../../Users/Cesar MLW/Documents/Unreal Projects/Solarium 4.21/Content/SolaSystem.umap'
[2018.11.29-21.46.00:796][679]Cmd: OBJ SAVEPACKAGE PACKAGE="/Game/SolaSystem_BuiltData" FILE="../../../../../../Users/Cesar MLW/Documents/Unreal Projects/Solarium 4.21/Content/SolaSystem_BuiltData.uasset" SILENT=true
[2018.11.29-21.46.00:912][679]LogSavePackage: Moving '../../../../../../Users/Cesar MLW/Documents/Unreal Projects/Solarium 4.21/Saved/SolaSystem_BuiltData32B661E043421113FB959E8EFDE16FCF.tmp' to '../../../../../../Users/Cesar MLW/Documents/Unreal Projects/Solarium 4.21/Content/SolaSystem_BuiltData.uasset'
[2018.11.29-21.46.01:031][691]Cmd: OBJ SAVEPACKAGE PACKAGE="/Game/SolaSystem" FILE="../../../../../../Users/Cesar MLW/Documents/Unreal Projects/Solarium 4.21/Content/SolaSystem.umap" SILENT=true AUTOSAVING=false KEEPDIRTY=false
[2018.11.29-21.46.01:127][691]LogSavePackage: Moving '../../../../../../Users/Cesar MLW/Documents/Unreal Projects/Solarium 4.21/Saved/SolaSystemC65D18FC4215E4B5393D8B8FF5BBAF79.tmp' to '../../../../../../Users/Cesar MLW/Documents/Unreal Projects/Solarium 4.21/Content/SolaSystem.umap'
[2018.11.29-21.46.01:134][691]Cmd: OBJ SAVEPACKAGE PACKAGE="/Game/SolaSystem_BuiltData" FILE="../../../../../../Users/Cesar MLW/Documents/Unreal Projects/Solarium 4.21/Content/SolaSystem_BuiltData.uasset" SILENT=true
[2018.11.29-21.46.01:248][691]LogSavePackage: Moving '../../../../../../Users/Cesar MLW/Documents/Unreal Projects/Solarium 4.21/Saved/SolaSystem_BuiltData3573CBDD4A396BF1FB9A558C953FFFAD.tmp' to '../../../../../../Users/Cesar MLW/Documents/Unreal Projects/Solarium 4.21/Content/SolaSystem_BuiltData.uasset'
[2018.11.29-21.46.01:342][700]Cmd: OBJ SAVEPACKAGE PACKAGE="/Game/SolaSystem" FILE="../../../../../../Users/Cesar MLW/Documents/Unreal Projects/Solarium 4.21/Content/SolaSystem.umap" SILENT=true AUTOSAVING=false KEEPDIRTY=false
[2018.11.29-21.46.01:437][700]LogSavePackage: Moving '../../../../../../Users/Cesar MLW/Documents/Unreal Projects/Solarium 4.21/Saved/SolaSystemB4D7A69F4077DF0C1952E8BA585FE3EB.tmp' to '../../../../../../Users/Cesar MLW/Documents/Unreal Projects/Solarium 4.21/Content/SolaSystem.umap'
[2018.11.29-21.46.01:445][700]Cmd: OBJ SAVEPACKAGE PACKAGE="/Game/SolaSystem_BuiltData" FILE="../../../../../../Users/Cesar MLW/Documents/Unreal Projects/Solarium 4.21/Content/SolaSystem_BuiltData.uasset" SILENT=true
[2018.11.29-21.46.01:565][700]LogSavePackage: Moving '../../../../../../Users/Cesar MLW/Documents/Unreal Projects/Solarium 4.21/Saved/SolaSystem_BuiltData38C562D04F6E92BBCB34FD869AE70E6B.tmp' to '../../../../../../Users/Cesar MLW/Documents/Unreal Projects/Solarium 4.21/Content/SolaSystem_BuiltData.uasset'
